#
# An unexpected error has occurred (11)
#
Stack:
/home/aj/Vivado/2020.2/tps/lnx64/jre11.0.2/lib//server/libjvm.so(+0xc04c3b) [0x7f57f4e9cc3b]
/home/aj/Vivado/2020.2/tps/lnx64/jre11.0.2/lib//server/libjvm.so(JVM_handle_linux_signal+0x14e) [0x7f57f4ea18de]
/home/aj/Vivado/2020.2/tps/lnx64/jre11.0.2/lib//server/libjvm.so(+0xbfd538) [0x7f57f4e95538]
/lib/x86_64-linux-gnu/libc.so.6(+0x46210) [0x7f584ab8e210]
/home/aj/Vivado/2020.2/lib/lnx64.o/librdi_simbridge_kernel.so(SimBridge::CArray::empty() const+0) [0x7f57fba4fa00]
/home/aj/Vivado/2020.2/lib/lnx64.o/librdi_simbridge_kernel.so(SimBridge::WdbEventBlock::addBlock(SimBridge::WdbIBlockManager&, unsigned int&) const+0x1c) [0x7f57fba500dc]
/home/aj/Vivado/2020.2/lib/lnx64.o/librdi_simbridge_kernel.so(SimBridge::WdbMultipleBucketEventDatabase::getEventBlockDatabaseIterator(std::vector<SimBridge::WdbScalarBTree*, std::allocator<SimBridge::WdbScalarBTree*> > const&, std::vector<boost::shared_ptr<SimBridge::WdbIEventBlockIterator>, std::allocator<boost::shared_ptr<SimBridge::WdbIEventBlockIterator> > >&, std::vector<std::vector<SimBridge::WdbScalarBTree*, std::allocator<SimBridge::WdbScalarBTree*> >, std::allocator<std::vector<SimBridge::WdbScalarBTree*, std::allocator<SimBridge::WdbScalarBTree*> > > >&) const+0x691) [0x7f57fba6a071]
/home/aj/Vivado/2020.2/lib/lnx64.o/librdi_simbridge_kernel.so(SimBridge::WdbAddressBTreeManager::scanWdbDatabaseMultiThread(std::vector<SimBridge::WdbScalarBTree*, std::allocator<SimBridge::WdbScalarBTree*> > const&, ISIM::IGuiStatus*)+0xf0) [0x7f57fba46ee0]
/home/aj/Vivado/2020.2/lib/lnx64.o/librdi_wavedata.so(SimBridge::DataObjMgr::createDrawingBTree(std::vector<SimBridge::IDataObj const*, std::allocator<SimBridge::IDataObj const*> > const&, ISIM::IGuiStatus*, bool)+0x32a) [0x7f5806e1058a]
/home/aj/Vivado/2020.2/lib/lnx64.o/librdi_wavedata.so(+0x2df6b2) [0x7f5806ecf6b2]
/home/aj/Vivado/2020.2/lib/lnx64.o/librdi_wavedata.so(+0x2df95c) [0x7f5806ecf95c]
/home/aj/Vivado/2020.2/lib/lnx64.o/librdi_wavedata.so(SG_Model::ModelImp::updateData(SG_Model::WVDataObject*, bool)+0x30f) [0x7f5806ec990f]
/home/aj/Vivado/2020.2/lib/lnx64.o/librdi_wavedata.so(SG_Model::ModelImp::updateData(SG_Model::WVDataObject*, bool)+0x18f) [0x7f5806ec978f]
/home/aj/Vivado/2020.2/lib/lnx64.o/librdi_wavedata.so(SG_Model::ModelImp::updateData(SG_Model::WVDataObject*, bool)+0x18f) [0x7f5806ec978f]
/home/aj/Vivado/2020.2/lib/lnx64.o/librdi_wavedata.so(SG_Model::ModelImp::updateData()+0x96b) [0x7f5806eca5fb]
/home/aj/Vivado/2020.2/lib/lnx64.o/librdi_wavedata.so(+0x2e0656) [0x7f5806ed0656]
/home/aj/Vivado/2020.2/lib/lnx64.o/librdi_wavedata.so(SG_Common::Subject::sendEvent(SG_Common::Event const*) const+0x106) [0x7f5806e84476]
/home/aj/Vivado/2020.2/lib/lnx64.o/librdi_wavedata.so(+0x2b2deb) [0x7f5806ea2deb]
/home/aj/Vivado/2020.2/lib/lnx64.o/librdi_wavedata.so(SG_Common::Subject::sendEvent(SG_Common::Event const*) const+0x106) [0x7f5806e84476]
/home/aj/Vivado/2020.2/lib/lnx64.o/librdi_wavedata.so(+0x2b2ea4) [0x7f5806ea2ea4]
/home/aj/Vivado/2020.2/lib/lnx64.o/librdi_wavedata.so(SG_Common::Subject::sendEvent(SG_Common::Event const*) const+0x106) [0x7f5806e84476]
/home/aj/Vivado/2020.2/lib/lnx64.o/librdi_wavedata.so(SG_Model::LiveDatabase::notifyReconnect()+0x29) [0x7f5806ec0ae9]
/home/aj/Vivado/2020.2/lib/lnx64.o/librdi_simdata.so(RSDData::RSDLiveSimulationObject::startEngineProcess(bool, bool, bool)+0x433) [0x7f580c9a1833]
/home/aj/Vivado/2020.2/lib/lnx64.o/librdi_simtcltasks.so(+0x1ebb2a) [0x7f57ba82bb2a]
/home/aj/Vivado/2020.2/lib/lnx64.o/librdi_common.so(+0x9cfb1d) [0x7f584bed7b1d]
/home/aj/Vivado/2020.2/lib/lnx64.o/libtcl8.5.so(+0x3356f) [0x7f584623356f]
/home/aj/Vivado/2020.2/lib/lnx64.o/libtcl8.5.so(+0x76945) [0x7f5846276945]
/home/aj/Vivado/2020.2/lib/lnx64.o/libtcl8.5.so(+0x7e0f9) [0x7f584627e0f9]
/home/aj/Vivado/2020.2/lib/lnx64.o/libtcl8.5.so(TclEvalObjEx+0x76) [0x7f5846235216]
/home/aj/Vivado/2020.2/lib/lnx64.o/librdi_common.so(hdi::tcltasks::task_manager::eval_in_tcl(Tcl_Interp*, Tcl_Obj*, char const*, bool)+0xb59) [0x7f584bed9929]
/home/aj/Vivado/2020.2/lib/lnx64.o/librdi_common.so(hdi::tcltasks::task_manager::eval_in_tcl(Tcl_Interp*, char const*, char const*, bool)+0x12a) [0x7f584beda21a]
/home/aj/Vivado/2020.2/lib/lnx64.o/librdi_common.so(hdi::tcltasks::task_manager::eval_in_tcl_throw(Tcl_Interp*, char const*, char const*, bool)+0x10) [0x7f584beda340]
/home/aj/Vivado/2020.2/lib/lnx64.o/librdi_simtcltasks.so(+0x1e7519) [0x7f57ba827519]
/home/aj/Vivado/2020.2/lib/lnx64.o/librdi_common.so(+0x9cfb1d) [0x7f584bed7b1d]
/home/aj/Vivado/2020.2/lib/lnx64.o/libtcl8.5.so(+0x3356f) [0x7f584623356f]
/home/aj/Vivado/2020.2/lib/lnx64.o/libtcl8.5.so(+0x76945) [0x7f5846276945]
/home/aj/Vivado/2020.2/lib/lnx64.o/libtcl8.5.so(+0x7e0f9) [0x7f584627e0f9]
/home/aj/Vivado/2020.2/lib/lnx64.o/libtcl8.5.so(TclEvalObjEx+0x76) [0x7f5846235216]
/home/aj/Vivado/2020.2/lib/lnx64.o/librdi_common.so(+0x9ce041) [0x7f584bed6041]
/home/aj/Vivado/2020.2/lib/lnx64.o/libtcl8.5.so(Tcl_ServiceEvent+0x7f) [0x7f58462a7bef]
/home/aj/Vivado/2020.2/lib/lnx64.o/libtcl8.5.so(Tcl_DoOneEvent+0x154) [0x7f58462a7f24]
/home/aj/Vivado/2020.2/lib/lnx64.o/librdi_commontasks.so(+0x23caa5) [0x7f583ee14aa5]
/home/aj/Vivado/2020.2/lib/lnx64.o/librdi_commontasks.so(+0x23fbb5) [0x7f583ee17bb5]
/home/aj/Vivado/2020.2/lib/lnx64.o/librdi_commontasks.so(+0x240bde) [0x7f583ee18bde]
/home/aj/Vivado/2020.2/lib/lnx64.o/librdi_common.so(+0x9cfb1d) [0x7f584bed7b1d]
/home/aj/Vivado/2020.2/lib/lnx64.o/libtcl8.5.so(+0x3356f) [0x7f584623356f]
/home/aj/Vivado/2020.2/lib/lnx64.o/libtcl8.5.so(+0x76945) [0x7f5846276945]
/home/aj/Vivado/2020.2/lib/lnx64.o/libtcl8.5.so(+0x7e0f9) [0x7f584627e0f9]
/home/aj/Vivado/2020.2/lib/lnx64.o/libtcl8.5.so(TclEvalObjEx+0x76) [0x7f5846235216]
/home/aj/Vivado/2020.2/lib/lnx64.o/librdi_commonmain.so(+0xad53) [0x7f584b2fad53]
/home/aj/Vivado/2020.2/lib/lnx64.o/libtcl8.5.so(Tcl_Main+0x1d0) [0x7f58462a02f0]
/home/aj/Vivado/2020.2/lib/lnx64.o/librdi_common.so(+0xa1442b) [0x7f584bf1c42b]
/lib/x86_64-linux-gnu/libpthread.so.0(+0x9609) [0x7f584ab29609]
/lib/x86_64-linux-gnu/libc.so.6(clone+0x43) [0x7f584ac6a293]
