#
# An unexpected error has occurred (11)
#
Stack:
/home/aj/Vivado/2020.2/tps/lnx64/jre11.0.2/lib//server/libjvm.so(+0xc04c3b) [0x7f76a714cc3b]
/home/aj/Vivado/2020.2/tps/lnx64/jre11.0.2/lib//server/libjvm.so(JVM_handle_linux_signal+0x14e) [0x7f76a71518de]
/home/aj/Vivado/2020.2/tps/lnx64/jre11.0.2/lib//server/libjvm.so(+0xbfd538) [0x7f76a7145538]
/lib/x86_64-linux-gnu/libc.so.6(+0x46210) [0x7f76fce26210]
/home/aj/Vivado/2020.2/lib/lnx64.o/librdi_simbridge_kernel.so(SimBridge::CArray::empty() const+0) [0x7f76add07a00]
/home/aj/Vivado/2020.2/lib/lnx64.o/librdi_simbridge_kernel.so(SimBridge::WdbEventBlock::addBlock(SimBridge::WdbIBlockManager&, unsigned int&) const+0x1c) [0x7f76add080dc]
/home/aj/Vivado/2020.2/lib/lnx64.o/librdi_simbridge_kernel.so(SimBridge::WdbMultipleBucketEventDatabase::getEventBlockDatabaseIterator(std::vector<SimBridge::WdbScalarBTree*, std::allocator<SimBridge::WdbScalarBTree*> > const&, std::vector<boost::shared_ptr<SimBridge::WdbIEventBlockIterator>, std::allocator<boost::shared_ptr<SimBridge::WdbIEventBlockIterator> > >&, std::vector<std::vector<SimBridge::WdbScalarBTree*, std::allocator<SimBridge::WdbScalarBTree*> >, std::allocator<std::vector<SimBridge::WdbScalarBTree*, std::allocator<SimBridge::WdbScalarBTree*> > > >&) const+0x691) [0x7f76add22071]
/home/aj/Vivado/2020.2/lib/lnx64.o/librdi_simbridge_kernel.so(SimBridge::WdbAddressBTreeManager::scanWdbDatabaseMultiThread(std::vector<SimBridge::WdbScalarBTree*, std::allocator<SimBridge::WdbScalarBTree*> > const&, ISIM::IGuiStatus*)+0xf0) [0x7f76adcfeee0]
/home/aj/Vivado/2020.2/lib/lnx64.o/librdi_wavedata.so(SimBridge::DataObjMgr::createDrawingBTree(std::vector<SimBridge::IDataObj const*, std::allocator<SimBridge::IDataObj const*> > const&, ISIM::IGuiStatus*, bool)+0x32a) [0x7f76b90c858a]
/home/aj/Vivado/2020.2/lib/lnx64.o/librdi_wavedata.so(+0x2df6b2) [0x7f76b91876b2]
/home/aj/Vivado/2020.2/lib/lnx64.o/librdi_wavedata.so(+0x2df95c) [0x7f76b918795c]
/home/aj/Vivado/2020.2/lib/lnx64.o/librdi_wavedata.so(SG_Model::ModelImp::updateData(SG_Model::WVDataObject*, bool)+0x30f) [0x7f76b918190f]
/home/aj/Vivado/2020.2/lib/lnx64.o/librdi_wavedata.so(SG_Model::ModelImp::updateData(SG_Model::WVDataObject*, bool)+0x18f) [0x7f76b918178f]
/home/aj/Vivado/2020.2/lib/lnx64.o/librdi_wavedata.so(SG_Model::ModelImp::updateData()+0x96b) [0x7f76b91825fb]
/home/aj/Vivado/2020.2/lib/lnx64.o/librdi_wavedata.so(+0x2e0656) [0x7f76b9188656]
/home/aj/Vivado/2020.2/lib/lnx64.o/librdi_wavedata.so(SG_Common::Subject::sendEvent(SG_Common::Event const*) const+0x106) [0x7f76b913c476]
/home/aj/Vivado/2020.2/lib/lnx64.o/librdi_wavedata.so(+0x2b2deb) [0x7f76b915adeb]
/home/aj/Vivado/2020.2/lib/lnx64.o/librdi_wavedata.so(SG_Common::Subject::sendEvent(SG_Common::Event const*) const+0x106) [0x7f76b913c476]
/home/aj/Vivado/2020.2/lib/lnx64.o/librdi_wavedata.so(+0x2b2ea4) [0x7f76b915aea4]
/home/aj/Vivado/2020.2/lib/lnx64.o/librdi_wavedata.so(SG_Common::Subject::sendEvent(SG_Common::Event const*) const+0x106) [0x7f76b913c476]
/home/aj/Vivado/2020.2/lib/lnx64.o/librdi_wavedata.so(SG_Model::LiveDatabase::notifyReconnect()+0x29) [0x7f76b9178ae9]
/home/aj/Vivado/2020.2/lib/lnx64.o/librdi_simdata.so(RSDData::RSDLiveSimulationObject::startEngineProcess(bool, bool, bool)+0x433) [0x7f76bec59833]
/home/aj/Vivado/2020.2/lib/lnx64.o/librdi_simtcltasks.so(+0x1ebb2a) [0x7f766e263b2a]
/home/aj/Vivado/2020.2/lib/lnx64.o/librdi_common.so(+0x9cfb1d) [0x7f76fe16fb1d]
/home/aj/Vivado/2020.2/lib/lnx64.o/libtcl8.5.so(+0x3356f) [0x7f76f84cb56f]
/home/aj/Vivado/2020.2/lib/lnx64.o/libtcl8.5.so(+0x76945) [0x7f76f850e945]
/home/aj/Vivado/2020.2/lib/lnx64.o/libtcl8.5.so(+0x7e0f9) [0x7f76f85160f9]
/home/aj/Vivado/2020.2/lib/lnx64.o/libtcl8.5.so(TclEvalObjEx+0x76) [0x7f76f84cd216]
/home/aj/Vivado/2020.2/lib/lnx64.o/librdi_common.so(hdi::tcltasks::task_manager::eval_in_tcl(Tcl_Interp*, Tcl_Obj*, char const*, bool)+0xb59) [0x7f76fe171929]
/home/aj/Vivado/2020.2/lib/lnx64.o/librdi_common.so(hdi::tcltasks::task_manager::eval_in_tcl(Tcl_Interp*, char const*, char const*, bool)+0x12a) [0x7f76fe17221a]
/home/aj/Vivado/2020.2/lib/lnx64.o/librdi_common.so(hdi::tcltasks::task_manager::eval_in_tcl_throw(Tcl_Interp*, char const*, char const*, bool)+0x10) [0x7f76fe172340]
/home/aj/Vivado/2020.2/lib/lnx64.o/librdi_simtcltasks.so(+0x1e7519) [0x7f766e25f519]
/home/aj/Vivado/2020.2/lib/lnx64.o/librdi_common.so(+0x9cfb1d) [0x7f76fe16fb1d]
/home/aj/Vivado/2020.2/lib/lnx64.o/libtcl8.5.so(+0x3356f) [0x7f76f84cb56f]
/home/aj/Vivado/2020.2/lib/lnx64.o/libtcl8.5.so(+0x76945) [0x7f76f850e945]
/home/aj/Vivado/2020.2/lib/lnx64.o/libtcl8.5.so(+0x7e0f9) [0x7f76f85160f9]
/home/aj/Vivado/2020.2/lib/lnx64.o/libtcl8.5.so(TclEvalObjEx+0x76) [0x7f76f84cd216]
/home/aj/Vivado/2020.2/lib/lnx64.o/librdi_common.so(+0x9ce041) [0x7f76fe16e041]
/home/aj/Vivado/2020.2/lib/lnx64.o/libtcl8.5.so(Tcl_ServiceEvent+0x7f) [0x7f76f853fbef]
/home/aj/Vivado/2020.2/lib/lnx64.o/libtcl8.5.so(Tcl_DoOneEvent+0x154) [0x7f76f853ff24]
/home/aj/Vivado/2020.2/lib/lnx64.o/librdi_commontasks.so(+0x23caa5) [0x7f76f10acaa5]
/home/aj/Vivado/2020.2/lib/lnx64.o/librdi_commontasks.so(+0x23fbb5) [0x7f76f10afbb5]
/home/aj/Vivado/2020.2/lib/lnx64.o/librdi_commontasks.so(+0x240bde) [0x7f76f10b0bde]
/home/aj/Vivado/2020.2/lib/lnx64.o/librdi_common.so(+0x9cfb1d) [0x7f76fe16fb1d]
/home/aj/Vivado/2020.2/lib/lnx64.o/libtcl8.5.so(+0x3356f) [0x7f76f84cb56f]
/home/aj/Vivado/2020.2/lib/lnx64.o/libtcl8.5.so(+0x76945) [0x7f76f850e945]
/home/aj/Vivado/2020.2/lib/lnx64.o/libtcl8.5.so(+0x7e0f9) [0x7f76f85160f9]
/home/aj/Vivado/2020.2/lib/lnx64.o/libtcl8.5.so(TclEvalObjEx+0x76) [0x7f76f84cd216]
/home/aj/Vivado/2020.2/lib/lnx64.o/librdi_commonmain.so(+0xad53) [0x7f76fd592d53]
/home/aj/Vivado/2020.2/lib/lnx64.o/libtcl8.5.so(Tcl_Main+0x1d0) [0x7f76f85382f0]
/home/aj/Vivado/2020.2/lib/lnx64.o/librdi_common.so(+0xa1442b) [0x7f76fe1b442b]
/lib/x86_64-linux-gnu/libpthread.so.0(+0x9609) [0x7f76fcdc1609]
/lib/x86_64-linux-gnu/libc.so.6(clone+0x43) [0x7f76fcf02293]
