#
# An unexpected error has occurred (11)
#
Stack:
/home/aj/Vivado/2020.2/tps/lnx64/jre11.0.2/lib//server/libjvm.so(+0xc04c3b) [0x7f48da4fcc3b]
/home/aj/Vivado/2020.2/tps/lnx64/jre11.0.2/lib//server/libjvm.so(JVM_handle_linux_signal+0x14e) [0x7f48da5018de]
/home/aj/Vivado/2020.2/tps/lnx64/jre11.0.2/lib//server/libjvm.so(+0xbfd538) [0x7f48da4f5538]
/lib/x86_64-linux-gnu/libc.so.6(+0x46210) [0x7f49301d6210]
/home/aj/Vivado/2020.2/lib/lnx64.o/librdi_simbridge_kernel.so(SimBridge::CArray::empty() const+0) [0x7f48e10b7a00]
/home/aj/Vivado/2020.2/lib/lnx64.o/librdi_simbridge_kernel.so(SimBridge::WdbEventBlock::addBlock(SimBridge::WdbIBlockManager&, unsigned int&) const+0x1c) [0x7f48e10b80dc]
/home/aj/Vivado/2020.2/lib/lnx64.o/librdi_simbridge_kernel.so(SimBridge::WdbMultipleBucketEventDatabase::getEventBlockDatabaseIterator(std::vector<SimBridge::WdbScalarBTree*, std::allocator<SimBridge::WdbScalarBTree*> > const&, std::vector<boost::shared_ptr<SimBridge::WdbIEventBlockIterator>, std::allocator<boost::shared_ptr<SimBridge::WdbIEventBlockIterator> > >&, std::vector<std::vector<SimBridge::WdbScalarBTree*, std::allocator<SimBridge::WdbScalarBTree*> >, std::allocator<std::vector<SimBridge::WdbScalarBTree*, std::allocator<SimBridge::WdbScalarBTree*> > > >&) const+0x691) [0x7f48e10d2071]
/home/aj/Vivado/2020.2/lib/lnx64.o/librdi_simbridge_kernel.so(SimBridge::WdbAddressBTreeManager::scanWdbDatabaseMultiThread(std::vector<SimBridge::WdbScalarBTree*, std::allocator<SimBridge::WdbScalarBTree*> > const&, ISIM::IGuiStatus*)+0xf0) [0x7f48e10aeee0]
/home/aj/Vivado/2020.2/lib/lnx64.o/librdi_wavedata.so(SimBridge::DataObjMgr::createDrawingBTree(std::vector<SimBridge::IDataObj const*, std::allocator<SimBridge::IDataObj const*> > const&, ISIM::IGuiStatus*, bool)+0x32a) [0x7f48ec47858a]
/home/aj/Vivado/2020.2/lib/lnx64.o/librdi_wavedata.so(+0x2df6b2) [0x7f48ec5376b2]
/home/aj/Vivado/2020.2/lib/lnx64.o/librdi_wavedata.so(+0x2df95c) [0x7f48ec53795c]
/home/aj/Vivado/2020.2/lib/lnx64.o/librdi_wavedata.so(SG_Model::ModelImp::updateData(SG_Model::WVDataObject*, bool)+0x30f) [0x7f48ec53190f]
/home/aj/Vivado/2020.2/lib/lnx64.o/librdi_wavedata.so(SG_Model::ModelImp::updateData(SG_Model::WVDataObject*, bool)+0x18f) [0x7f48ec53178f]
/home/aj/Vivado/2020.2/lib/lnx64.o/librdi_wavedata.so(SG_Model::ModelImp::updateData()+0x96b) [0x7f48ec5325fb]
/home/aj/Vivado/2020.2/lib/lnx64.o/librdi_wavedata.so(+0x2e0656) [0x7f48ec538656]
/home/aj/Vivado/2020.2/lib/lnx64.o/librdi_wavedata.so(SG_Common::Subject::sendEvent(SG_Common::Event const*) const+0x106) [0x7f48ec4ec476]
/home/aj/Vivado/2020.2/lib/lnx64.o/librdi_wavedata.so(+0x2b2deb) [0x7f48ec50adeb]
/home/aj/Vivado/2020.2/lib/lnx64.o/librdi_wavedata.so(SG_Common::Subject::sendEvent(SG_Common::Event const*) const+0x106) [0x7f48ec4ec476]
/home/aj/Vivado/2020.2/lib/lnx64.o/librdi_wavedata.so(+0x2b2ea4) [0x7f48ec50aea4]
/home/aj/Vivado/2020.2/lib/lnx64.o/librdi_wavedata.so(SG_Common::Subject::sendEvent(SG_Common::Event const*) const+0x106) [0x7f48ec4ec476]
/home/aj/Vivado/2020.2/lib/lnx64.o/librdi_wavedata.so(SG_Model::LiveDatabase::notifyReconnect()+0x29) [0x7f48ec528ae9]
/home/aj/Vivado/2020.2/lib/lnx64.o/librdi_simdata.so(RSDData::RSDLiveSimulationObject::startEngineProcess(bool, bool, bool)+0x433) [0x7f48f2009833]
/home/aj/Vivado/2020.2/lib/lnx64.o/librdi_simtcltasks.so(+0x1ebb2a) [0x7f4881783b2a]
/home/aj/Vivado/2020.2/lib/lnx64.o/librdi_common.so(+0x9cfb1d) [0x7f493151fb1d]
/home/aj/Vivado/2020.2/lib/lnx64.o/libtcl8.5.so(+0x3356f) [0x7f492b87b56f]
/home/aj/Vivado/2020.2/lib/lnx64.o/libtcl8.5.so(+0x76945) [0x7f492b8be945]
/home/aj/Vivado/2020.2/lib/lnx64.o/libtcl8.5.so(+0x7e0f9) [0x7f492b8c60f9]
/home/aj/Vivado/2020.2/lib/lnx64.o/libtcl8.5.so(TclEvalObjEx+0x76) [0x7f492b87d216]
/home/aj/Vivado/2020.2/lib/lnx64.o/librdi_common.so(hdi::tcltasks::task_manager::eval_in_tcl(Tcl_Interp*, Tcl_Obj*, char const*, bool)+0xb59) [0x7f4931521929]
/home/aj/Vivado/2020.2/lib/lnx64.o/librdi_common.so(hdi::tcltasks::task_manager::eval_in_tcl(Tcl_Interp*, char const*, char const*, bool)+0x12a) [0x7f493152221a]
/home/aj/Vivado/2020.2/lib/lnx64.o/librdi_common.so(hdi::tcltasks::task_manager::eval_in_tcl_throw(Tcl_Interp*, char const*, char const*, bool)+0x10) [0x7f4931522340]
/home/aj/Vivado/2020.2/lib/lnx64.o/librdi_simtcltasks.so(+0x1e7519) [0x7f488177f519]
/home/aj/Vivado/2020.2/lib/lnx64.o/librdi_common.so(+0x9cfb1d) [0x7f493151fb1d]
/home/aj/Vivado/2020.2/lib/lnx64.o/libtcl8.5.so(+0x3356f) [0x7f492b87b56f]
/home/aj/Vivado/2020.2/lib/lnx64.o/libtcl8.5.so(+0x76945) [0x7f492b8be945]
/home/aj/Vivado/2020.2/lib/lnx64.o/libtcl8.5.so(+0x7e0f9) [0x7f492b8c60f9]
/home/aj/Vivado/2020.2/lib/lnx64.o/libtcl8.5.so(TclEvalObjEx+0x76) [0x7f492b87d216]
/home/aj/Vivado/2020.2/lib/lnx64.o/librdi_common.so(+0x9ce041) [0x7f493151e041]
/home/aj/Vivado/2020.2/lib/lnx64.o/libtcl8.5.so(Tcl_ServiceEvent+0x7f) [0x7f492b8efbef]
/home/aj/Vivado/2020.2/lib/lnx64.o/libtcl8.5.so(Tcl_DoOneEvent+0x154) [0x7f492b8eff24]
/home/aj/Vivado/2020.2/lib/lnx64.o/librdi_commontasks.so(+0x23caa5) [0x7f492445caa5]
/home/aj/Vivado/2020.2/lib/lnx64.o/librdi_commontasks.so(+0x23fbb5) [0x7f492445fbb5]
/home/aj/Vivado/2020.2/lib/lnx64.o/librdi_commontasks.so(+0x240bde) [0x7f4924460bde]
/home/aj/Vivado/2020.2/lib/lnx64.o/librdi_common.so(+0x9cfb1d) [0x7f493151fb1d]
/home/aj/Vivado/2020.2/lib/lnx64.o/libtcl8.5.so(+0x3356f) [0x7f492b87b56f]
/home/aj/Vivado/2020.2/lib/lnx64.o/libtcl8.5.so(+0x76945) [0x7f492b8be945]
/home/aj/Vivado/2020.2/lib/lnx64.o/libtcl8.5.so(+0x7e0f9) [0x7f492b8c60f9]
/home/aj/Vivado/2020.2/lib/lnx64.o/libtcl8.5.so(TclEvalObjEx+0x76) [0x7f492b87d216]
/home/aj/Vivado/2020.2/lib/lnx64.o/librdi_commonmain.so(+0xad53) [0x7f4930942d53]
/home/aj/Vivado/2020.2/lib/lnx64.o/libtcl8.5.so(Tcl_Main+0x1d0) [0x7f492b8e82f0]
/home/aj/Vivado/2020.2/lib/lnx64.o/librdi_common.so(+0xa1442b) [0x7f493156442b]
/lib/x86_64-linux-gnu/libpthread.so.0(+0x9609) [0x7f4930171609]
/lib/x86_64-linux-gnu/libc.so.6(clone+0x43) [0x7f49302b2293]
