Vivado Simulator 2020.2
Time resolution is 1 ps
WARNING: "/home/aj/Vivado/2020.2/data/verilog/src/unisims/LDCE.v" Line 163: Timing violation in scope /tb_main/UUT/a0/res_o_reg[1]/TChk163_18301 at time 182055 ps $setuphold (posedge G,negedge D,(0:0:0),(0:0:0),notifier,in_clk_enable_p,in_clk_enable_p,G_dly,D_dly) 
WARNING: "/home/aj/Vivado/2020.2/data/verilog/src/unisims/LDCE.v" Line 163: Timing violation in scope /tb_main/UUT/a0/res_o_reg[2]/TChk163_18301 at time 182055 ps $setuphold (posedge G,negedge D,(0:0:0),(0:0:0),notifier,in_clk_enable_p,in_clk_enable_p,G_dly,D_dly) 
WARNING: "/home/aj/Vivado/2020.2/data/verilog/src/unisims/LDCE.v" Line 163: Timing violation in scope /tb_main/UUT/a0/res_o_reg[3]/TChk163_18301 at time 182055 ps $setuphold (posedge G,negedge D,(0:0:0),(0:0:0),notifier,in_clk_enable_p,in_clk_enable_p,G_dly,D_dly) 
WARNING: "/home/aj/Vivado/2020.2/data/verilog/src/unisims/LDCE.v" Line 166: Timing violation in scope /tb_main/UUT/a0/res_o_reg[10]/TChk166_18304 at time 182055 ps $setuphold (posedge G,posedge D,(0:0:0),(0:0:0),notifier,in_clk_enable_p,in_clk_enable_p,G_dly,D_dly) 
WARNING: "/home/aj/Vivado/2020.2/data/verilog/src/unisims/LDCE.v" Line 166: Timing violation in scope /tb_main/UUT/a0/res_o_reg[11]/TChk166_18304 at time 182055 ps $setuphold (posedge G,posedge D,(0:0:0),(0:0:0),notifier,in_clk_enable_p,in_clk_enable_p,G_dly,D_dly) 
WARNING: "/home/aj/Vivado/2020.2/data/verilog/src/unisims/LDCE.v" Line 166: Timing violation in scope /tb_main/UUT/a0/res_o_reg[12]/TChk166_18304 at time 182055 ps $setuphold (posedge G,posedge D,(0:0:0),(0:0:0),notifier,in_clk_enable_p,in_clk_enable_p,G_dly,D_dly) 
WARNING: "/home/aj/Vivado/2020.2/data/verilog/src/unisims/LDCE.v" Line 166: Timing violation in scope /tb_main/UUT/a0/res_o_reg[13]/TChk166_18304 at time 182055 ps $setuphold (posedge G,posedge D,(0:0:0),(0:0:0),notifier,in_clk_enable_p,in_clk_enable_p,G_dly,D_dly) 
WARNING: "/home/aj/Vivado/2020.2/data/verilog/src/unisims/LDCE.v" Line 166: Timing violation in scope /tb_main/UUT/a0/res_o_reg[14]/TChk166_18304 at time 182055 ps $setuphold (posedge G,posedge D,(0:0:0),(0:0:0),notifier,in_clk_enable_p,in_clk_enable_p,G_dly,D_dly) 
WARNING: "/home/aj/Vivado/2020.2/data/verilog/src/unisims/LDCE.v" Line 166: Timing violation in scope /tb_main/UUT/a0/res_o_reg[15]/TChk166_18304 at time 182055 ps $setuphold (posedge G,posedge D,(0:0:0),(0:0:0),notifier,in_clk_enable_p,in_clk_enable_p,G_dly,D_dly) 
WARNING: "/home/aj/Vivado/2020.2/data/verilog/src/unisims/LDCE.v" Line 166: Timing violation in scope /tb_main/UUT/a0/res_o_reg[16]/TChk166_18304 at time 182055 ps $setuphold (posedge G,posedge D,(0:0:0),(0:0:0),notifier,in_clk_enable_p,in_clk_enable_p,G_dly,D_dly) 
WARNING: "/home/aj/Vivado/2020.2/data/verilog/src/unisims/LDCE.v" Line 166: Timing violation in scope /tb_main/UUT/a0/res_o_reg[17]/TChk166_18304 at time 182055 ps $setuphold (posedge G,posedge D,(0:0:0),(0:0:0),notifier,in_clk_enable_p,in_clk_enable_p,G_dly,D_dly) 
WARNING: "/home/aj/Vivado/2020.2/data/verilog/src/unisims/LDCE.v" Line 166: Timing violation in scope /tb_main/UUT/a0/res_o_reg[18]/TChk166_18304 at time 182055 ps $setuphold (posedge G,posedge D,(0:0:0),(0:0:0),notifier,in_clk_enable_p,in_clk_enable_p,G_dly,D_dly) 
WARNING: "/home/aj/Vivado/2020.2/data/verilog/src/unisims/LDCE.v" Line 166: Timing violation in scope /tb_main/UUT/a0/res_o_reg[19]/TChk166_18304 at time 182055 ps $setuphold (posedge G,posedge D,(0:0:0),(0:0:0),notifier,in_clk_enable_p,in_clk_enable_p,G_dly,D_dly) 
WARNING: "/home/aj/Vivado/2020.2/data/verilog/src/unisims/LDCE.v" Line 166: Timing violation in scope /tb_main/UUT/a0/res_o_reg[20]/TChk166_18304 at time 182055 ps $setuphold (posedge G,posedge D,(0:0:0),(0:0:0),notifier,in_clk_enable_p,in_clk_enable_p,G_dly,D_dly) 
WARNING: "/home/aj/Vivado/2020.2/data/verilog/src/unisims/LDCE.v" Line 166: Timing violation in scope /tb_main/UUT/a0/res_o_reg[21]/TChk166_18304 at time 182055 ps $setuphold (posedge G,posedge D,(0:0:0),(0:0:0),notifier,in_clk_enable_p,in_clk_enable_p,G_dly,D_dly) 
WARNING: "/home/aj/Vivado/2020.2/data/verilog/src/unisims/LDCE.v" Line 166: Timing violation in scope /tb_main/UUT/a0/res_o_reg[22]/TChk166_18304 at time 182055 ps $setuphold (posedge G,posedge D,(0:0:0),(0:0:0),notifier,in_clk_enable_p,in_clk_enable_p,G_dly,D_dly) 
WARNING: "/home/aj/Vivado/2020.2/data/verilog/src/unisims/LDCE.v" Line 166: Timing violation in scope /tb_main/UUT/a0/res_o_reg[23]/TChk166_18304 at time 182055 ps $setuphold (posedge G,posedge D,(0:0:0),(0:0:0),notifier,in_clk_enable_p,in_clk_enable_p,G_dly,D_dly) 
WARNING: "/home/aj/Vivado/2020.2/data/verilog/src/unisims/LDCE.v" Line 166: Timing violation in scope /tb_main/UUT/a0/res_o_reg[24]/TChk166_18304 at time 182055 ps $setuphold (posedge G,posedge D,(0:0:0),(0:0:0),notifier,in_clk_enable_p,in_clk_enable_p,G_dly,D_dly) 
WARNING: "/home/aj/Vivado/2020.2/data/verilog/src/unisims/LDCE.v" Line 166: Timing violation in scope /tb_main/UUT/a0/res_o_reg[25]/TChk166_18304 at time 182055 ps $setuphold (posedge G,posedge D,(0:0:0),(0:0:0),notifier,in_clk_enable_p,in_clk_enable_p,G_dly,D_dly) 
WARNING: "/home/aj/Vivado/2020.2/data/verilog/src/unisims/LDCE.v" Line 166: Timing violation in scope /tb_main/UUT/a0/res_o_reg[26]/TChk166_18304 at time 182055 ps $setuphold (posedge G,posedge D,(0:0:0),(0:0:0),notifier,in_clk_enable_p,in_clk_enable_p,G_dly,D_dly) 
WARNING: "/home/aj/Vivado/2020.2/data/verilog/src/unisims/LDCE.v" Line 166: Timing violation in scope /tb_main/UUT/a0/res_o_reg[27]/TChk166_18304 at time 182055 ps $setuphold (posedge G,posedge D,(0:0:0),(0:0:0),notifier,in_clk_enable_p,in_clk_enable_p,G_dly,D_dly) 
WARNING: "/home/aj/Vivado/2020.2/data/verilog/src/unisims/LDCE.v" Line 166: Timing violation in scope /tb_main/UUT/a0/res_o_reg[28]/TChk166_18304 at time 182055 ps $setuphold (posedge G,posedge D,(0:0:0),(0:0:0),notifier,in_clk_enable_p,in_clk_enable_p,G_dly,D_dly) 
WARNING: "/home/aj/Vivado/2020.2/data/verilog/src/unisims/LDCE.v" Line 166: Timing violation in scope /tb_main/UUT/a0/res_o_reg[29]/TChk166_18304 at time 182055 ps $setuphold (posedge G,posedge D,(0:0:0),(0:0:0),notifier,in_clk_enable_p,in_clk_enable_p,G_dly,D_dly) 
WARNING: "/home/aj/Vivado/2020.2/data/verilog/src/unisims/LDCE.v" Line 166: Timing violation in scope /tb_main/UUT/a0/res_o_reg[30]/TChk166_18304 at time 182055 ps $setuphold (posedge G,posedge D,(0:0:0),(0:0:0),notifier,in_clk_enable_p,in_clk_enable_p,G_dly,D_dly) 
WARNING: "/home/aj/Vivado/2020.2/data/verilog/src/unisims/LDCE.v" Line 166: Timing violation in scope /tb_main/UUT/a0/res_o_reg[7]/TChk166_18304 at time 182055 ps $setuphold (posedge G,posedge D,(0:0:0),(0:0:0),notifier,in_clk_enable_p,in_clk_enable_p,G_dly,D_dly) 
WARNING: "/home/aj/Vivado/2020.2/data/verilog/src/unisims/LDCE.v" Line 163: Timing violation in scope /tb_main/UUT/a0/res_o_reg[1]/TChk163_18301 at time 222055 ps $setuphold (posedge G,negedge D,(0:0:0),(0:0:0),notifier,in_clk_enable_p,in_clk_enable_p,G_dly,D_dly) 
WARNING: "/home/aj/Vivado/2020.2/data/verilog/src/unisims/LDCE.v" Line 163: Timing violation in scope /tb_main/UUT/a0/res_o_reg[2]/TChk163_18301 at time 222055 ps $setuphold (posedge G,negedge D,(0:0:0),(0:0:0),notifier,in_clk_enable_p,in_clk_enable_p,G_dly,D_dly) 
WARNING: "/home/aj/Vivado/2020.2/data/verilog/src/unisims/LDCE.v" Line 163: Timing violation in scope /tb_main/UUT/a0/res_o_reg[3]/TChk163_18301 at time 222055 ps $setuphold (posedge G,negedge D,(0:0:0),(0:0:0),notifier,in_clk_enable_p,in_clk_enable_p,G_dly,D_dly) 
WARNING: "/home/aj/Vivado/2020.2/data/verilog/src/unisims/LDCE.v" Line 166: Timing violation in scope /tb_main/UUT/a0/res_o_reg[10]/TChk166_18304 at time 222055 ps $setuphold (posedge G,posedge D,(0:0:0),(0:0:0),notifier,in_clk_enable_p,in_clk_enable_p,G_dly,D_dly) 
WARNING: "/home/aj/Vivado/2020.2/data/verilog/src/unisims/LDCE.v" Line 166: Timing violation in scope /tb_main/UUT/a0/res_o_reg[11]/TChk166_18304 at time 222055 ps $setuphold (posedge G,posedge D,(0:0:0),(0:0:0),notifier,in_clk_enable_p,in_clk_enable_p,G_dly,D_dly) 
WARNING: "/home/aj/Vivado/2020.2/data/verilog/src/unisims/LDCE.v" Line 166: Timing violation in scope /tb_main/UUT/a0/res_o_reg[12]/TChk166_18304 at time 222055 ps $setuphold (posedge G,posedge D,(0:0:0),(0:0:0),notifier,in_clk_enable_p,in_clk_enable_p,G_dly,D_dly) 
WARNING: "/home/aj/Vivado/2020.2/data/verilog/src/unisims/LDCE.v" Line 166: Timing violation in scope /tb_main/UUT/a0/res_o_reg[13]/TChk166_18304 at time 222055 ps $setuphold (posedge G,posedge D,(0:0:0),(0:0:0),notifier,in_clk_enable_p,in_clk_enable_p,G_dly,D_dly) 
WARNING: "/home/aj/Vivado/2020.2/data/verilog/src/unisims/LDCE.v" Line 166: Timing violation in scope /tb_main/UUT/a0/res_o_reg[14]/TChk166_18304 at time 222055 ps $setuphold (posedge G,posedge D,(0:0:0),(0:0:0),notifier,in_clk_enable_p,in_clk_enable_p,G_dly,D_dly) 
WARNING: "/home/aj/Vivado/2020.2/data/verilog/src/unisims/LDCE.v" Line 166: Timing violation in scope /tb_main/UUT/a0/res_o_reg[15]/TChk166_18304 at time 222055 ps $setuphold (posedge G,posedge D,(0:0:0),(0:0:0),notifier,in_clk_enable_p,in_clk_enable_p,G_dly,D_dly) 
WARNING: "/home/aj/Vivado/2020.2/data/verilog/src/unisims/LDCE.v" Line 166: Timing violation in scope /tb_main/UUT/a0/res_o_reg[16]/TChk166_18304 at time 222055 ps $setuphold (posedge G,posedge D,(0:0:0),(0:0:0),notifier,in_clk_enable_p,in_clk_enable_p,G_dly,D_dly) 
WARNING: "/home/aj/Vivado/2020.2/data/verilog/src/unisims/LDCE.v" Line 166: Timing violation in scope /tb_main/UUT/a0/res_o_reg[17]/TChk166_18304 at time 222055 ps $setuphold (posedge G,posedge D,(0:0:0),(0:0:0),notifier,in_clk_enable_p,in_clk_enable_p,G_dly,D_dly) 
WARNING: "/home/aj/Vivado/2020.2/data/verilog/src/unisims/LDCE.v" Line 166: Timing violation in scope /tb_main/UUT/a0/res_o_reg[18]/TChk166_18304 at time 222055 ps $setuphold (posedge G,posedge D,(0:0:0),(0:0:0),notifier,in_clk_enable_p,in_clk_enable_p,G_dly,D_dly) 
WARNING: "/home/aj/Vivado/2020.2/data/verilog/src/unisims/LDCE.v" Line 166: Timing violation in scope /tb_main/UUT/a0/res_o_reg[19]/TChk166_18304 at time 222055 ps $setuphold (posedge G,posedge D,(0:0:0),(0:0:0),notifier,in_clk_enable_p,in_clk_enable_p,G_dly,D_dly) 
WARNING: "/home/aj/Vivado/2020.2/data/verilog/src/unisims/LDCE.v" Line 166: Timing violation in scope /tb_main/UUT/a0/res_o_reg[20]/TChk166_18304 at time 222055 ps $setuphold (posedge G,posedge D,(0:0:0),(0:0:0),notifier,in_clk_enable_p,in_clk_enable_p,G_dly,D_dly) 
WARNING: "/home/aj/Vivado/2020.2/data/verilog/src/unisims/LDCE.v" Line 166: Timing violation in scope /tb_main/UUT/a0/res_o_reg[21]/TChk166_18304 at time 222055 ps $setuphold (posedge G,posedge D,(0:0:0),(0:0:0),notifier,in_clk_enable_p,in_clk_enable_p,G_dly,D_dly) 
WARNING: "/home/aj/Vivado/2020.2/data/verilog/src/unisims/LDCE.v" Line 166: Timing violation in scope /tb_main/UUT/a0/res_o_reg[22]/TChk166_18304 at time 222055 ps $setuphold (posedge G,posedge D,(0:0:0),(0:0:0),notifier,in_clk_enable_p,in_clk_enable_p,G_dly,D_dly) 
WARNING: "/home/aj/Vivado/2020.2/data/verilog/src/unisims/LDCE.v" Line 166: Timing violation in scope /tb_main/UUT/a0/res_o_reg[23]/TChk166_18304 at time 222055 ps $setuphold (posedge G,posedge D,(0:0:0),(0:0:0),notifier,in_clk_enable_p,in_clk_enable_p,G_dly,D_dly) 
WARNING: "/home/aj/Vivado/2020.2/data/verilog/src/unisims/LDCE.v" Line 166: Timing violation in scope /tb_main/UUT/a0/res_o_reg[24]/TChk166_18304 at time 222055 ps $setuphold (posedge G,posedge D,(0:0:0),(0:0:0),notifier,in_clk_enable_p,in_clk_enable_p,G_dly,D_dly) 
WARNING: "/home/aj/Vivado/2020.2/data/verilog/src/unisims/LDCE.v" Line 166: Timing violation in scope /tb_main/UUT/a0/res_o_reg[25]/TChk166_18304 at time 222055 ps $setuphold (posedge G,posedge D,(0:0:0),(0:0:0),notifier,in_clk_enable_p,in_clk_enable_p,G_dly,D_dly) 
WARNING: "/home/aj/Vivado/2020.2/data/verilog/src/unisims/LDCE.v" Line 166: Timing violation in scope /tb_main/UUT/a0/res_o_reg[26]/TChk166_18304 at time 222055 ps $setuphold (posedge G,posedge D,(0:0:0),(0:0:0),notifier,in_clk_enable_p,in_clk_enable_p,G_dly,D_dly) 
WARNING: "/home/aj/Vivado/2020.2/data/verilog/src/unisims/LDCE.v" Line 166: Timing violation in scope /tb_main/UUT/a0/res_o_reg[27]/TChk166_18304 at time 222055 ps $setuphold (posedge G,posedge D,(0:0:0),(0:0:0),notifier,in_clk_enable_p,in_clk_enable_p,G_dly,D_dly) 
WARNING: "/home/aj/Vivado/2020.2/data/verilog/src/unisims/LDCE.v" Line 166: Timing violation in scope /tb_main/UUT/a0/res_o_reg[28]/TChk166_18304 at time 222055 ps $setuphold (posedge G,posedge D,(0:0:0),(0:0:0),notifier,in_clk_enable_p,in_clk_enable_p,G_dly,D_dly) 
WARNING: "/home/aj/Vivado/2020.2/data/verilog/src/unisims/LDCE.v" Line 166: Timing violation in scope /tb_main/UUT/a0/res_o_reg[29]/TChk166_18304 at time 222055 ps $setuphold (posedge G,posedge D,(0:0:0),(0:0:0),notifier,in_clk_enable_p,in_clk_enable_p,G_dly,D_dly) 
WARNING: "/home/aj/Vivado/2020.2/data/verilog/src/unisims/LDCE.v" Line 166: Timing violation in scope /tb_main/UUT/a0/res_o_reg[30]/TChk166_18304 at time 222055 ps $setuphold (posedge G,posedge D,(0:0:0),(0:0:0),notifier,in_clk_enable_p,in_clk_enable_p,G_dly,D_dly) 
WARNING: "/home/aj/Vivado/2020.2/data/verilog/src/unisims/LDCE.v" Line 166: Timing violation in scope /tb_main/UUT/a0/res_o_reg[7]/TChk166_18304 at time 222055 ps $setuphold (posedge G,posedge D,(0:0:0),(0:0:0),notifier,in_clk_enable_p,in_clk_enable_p,G_dly,D_dly) 
WARNING: "/home/aj/Vivado/2020.2/data/verilog/src/unisims/LDCE.v" Line 163: Timing violation in scope /tb_main/UUT/a0/res_o_reg[1]/TChk163_18301 at time 262055 ps $setuphold (posedge G,negedge D,(0:0:0),(0:0:0),notifier,in_clk_enable_p,in_clk_enable_p,G_dly,D_dly) 
WARNING: "/home/aj/Vivado/2020.2/data/verilog/src/unisims/LDCE.v" Line 163: Timing violation in scope /tb_main/UUT/a0/res_o_reg[2]/TChk163_18301 at time 262055 ps $setuphold (posedge G,negedge D,(0:0:0),(0:0:0),notifier,in_clk_enable_p,in_clk_enable_p,G_dly,D_dly) 
WARNING: "/home/aj/Vivado/2020.2/data/verilog/src/unisims/LDCE.v" Line 163: Timing violation in scope /tb_main/UUT/a0/res_o_reg[3]/TChk163_18301 at time 262055 ps $setuphold (posedge G,negedge D,(0:0:0),(0:0:0),notifier,in_clk_enable_p,in_clk_enable_p,G_dly,D_dly) 
WARNING: "/home/aj/Vivado/2020.2/data/verilog/src/unisims/LDCE.v" Line 166: Timing violation in scope /tb_main/UUT/a0/res_o_reg[10]/TChk166_18304 at time 262055 ps $setuphold (posedge G,posedge D,(0:0:0),(0:0:0),notifier,in_clk_enable_p,in_clk_enable_p,G_dly,D_dly) 
WARNING: "/home/aj/Vivado/2020.2/data/verilog/src/unisims/LDCE.v" Line 166: Timing violation in scope /tb_main/UUT/a0/res_o_reg[11]/TChk166_18304 at time 262055 ps $setuphold (posedge G,posedge D,(0:0:0),(0:0:0),notifier,in_clk_enable_p,in_clk_enable_p,G_dly,D_dly) 
WARNING: "/home/aj/Vivado/2020.2/data/verilog/src/unisims/LDCE.v" Line 166: Timing violation in scope /tb_main/UUT/a0/res_o_reg[12]/TChk166_18304 at time 262055 ps $setuphold (posedge G,posedge D,(0:0:0),(0:0:0),notifier,in_clk_enable_p,in_clk_enable_p,G_dly,D_dly) 
WARNING: "/home/aj/Vivado/2020.2/data/verilog/src/unisims/LDCE.v" Line 166: Timing violation in scope /tb_main/UUT/a0/res_o_reg[13]/TChk166_18304 at time 262055 ps $setuphold (posedge G,posedge D,(0:0:0),(0:0:0),notifier,in_clk_enable_p,in_clk_enable_p,G_dly,D_dly) 
WARNING: "/home/aj/Vivado/2020.2/data/verilog/src/unisims/LDCE.v" Line 166: Timing violation in scope /tb_main/UUT/a0/res_o_reg[14]/TChk166_18304 at time 262055 ps $setuphold (posedge G,posedge D,(0:0:0),(0:0:0),notifier,in_clk_enable_p,in_clk_enable_p,G_dly,D_dly) 
WARNING: "/home/aj/Vivado/2020.2/data/verilog/src/unisims/LDCE.v" Line 166: Timing violation in scope /tb_main/UUT/a0/res_o_reg[15]/TChk166_18304 at time 262055 ps $setuphold (posedge G,posedge D,(0:0:0),(0:0:0),notifier,in_clk_enable_p,in_clk_enable_p,G_dly,D_dly) 
WARNING: "/home/aj/Vivado/2020.2/data/verilog/src/unisims/LDCE.v" Line 166: Timing violation in scope /tb_main/UUT/a0/res_o_reg[16]/TChk166_18304 at time 262055 ps $setuphold (posedge G,posedge D,(0:0:0),(0:0:0),notifier,in_clk_enable_p,in_clk_enable_p,G_dly,D_dly) 
WARNING: "/home/aj/Vivado/2020.2/data/verilog/src/unisims/LDCE.v" Line 166: Timing violation in scope /tb_main/UUT/a0/res_o_reg[17]/TChk166_18304 at time 262055 ps $setuphold (posedge G,posedge D,(0:0:0),(0:0:0),notifier,in_clk_enable_p,in_clk_enable_p,G_dly,D_dly) 
WARNING: "/home/aj/Vivado/2020.2/data/verilog/src/unisims/LDCE.v" Line 166: Timing violation in scope /tb_main/UUT/a0/res_o_reg[18]/TChk166_18304 at time 262055 ps $setuphold (posedge G,posedge D,(0:0:0),(0:0:0),notifier,in_clk_enable_p,in_clk_enable_p,G_dly,D_dly) 
WARNING: "/home/aj/Vivado/2020.2/data/verilog/src/unisims/LDCE.v" Line 166: Timing violation in scope /tb_main/UUT/a0/res_o_reg[19]/TChk166_18304 at time 262055 ps $setuphold (posedge G,posedge D,(0:0:0),(0:0:0),notifier,in_clk_enable_p,in_clk_enable_p,G_dly,D_dly) 
WARNING: "/home/aj/Vivado/2020.2/data/verilog/src/unisims/LDCE.v" Line 166: Timing violation in scope /tb_main/UUT/a0/res_o_reg[20]/TChk166_18304 at time 262055 ps $setuphold (posedge G,posedge D,(0:0:0),(0:0:0),notifier,in_clk_enable_p,in_clk_enable_p,G_dly,D_dly) 
WARNING: "/home/aj/Vivado/2020.2/data/verilog/src/unisims/LDCE.v" Line 166: Timing violation in scope /tb_main/UUT/a0/res_o_reg[21]/TChk166_18304 at time 262055 ps $setuphold (posedge G,posedge D,(0:0:0),(0:0:0),notifier,in_clk_enable_p,in_clk_enable_p,G_dly,D_dly) 
WARNING: "/home/aj/Vivado/2020.2/data/verilog/src/unisims/LDCE.v" Line 166: Timing violation in scope /tb_main/UUT/a0/res_o_reg[22]/TChk166_18304 at time 262055 ps $setuphold (posedge G,posedge D,(0:0:0),(0:0:0),notifier,in_clk_enable_p,in_clk_enable_p,G_dly,D_dly) 
WARNING: "/home/aj/Vivado/2020.2/data/verilog/src/unisims/LDCE.v" Line 166: Timing violation in scope /tb_main/UUT/a0/res_o_reg[23]/TChk166_18304 at time 262055 ps $setuphold (posedge G,posedge D,(0:0:0),(0:0:0),notifier,in_clk_enable_p,in_clk_enable_p,G_dly,D_dly) 
WARNING: "/home/aj/Vivado/2020.2/data/verilog/src/unisims/LDCE.v" Line 166: Timing violation in scope /tb_main/UUT/a0/res_o_reg[24]/TChk166_18304 at time 262055 ps $setuphold (posedge G,posedge D,(0:0:0),(0:0:0),notifier,in_clk_enable_p,in_clk_enable_p,G_dly,D_dly) 
WARNING: "/home/aj/Vivado/2020.2/data/verilog/src/unisims/LDCE.v" Line 166: Timing violation in scope /tb_main/UUT/a0/res_o_reg[25]/TChk166_18304 at time 262055 ps $setuphold (posedge G,posedge D,(0:0:0),(0:0:0),notifier,in_clk_enable_p,in_clk_enable_p,G_dly,D_dly) 
WARNING: "/home/aj/Vivado/2020.2/data/verilog/src/unisims/LDCE.v" Line 166: Timing violation in scope /tb_main/UUT/a0/res_o_reg[26]/TChk166_18304 at time 262055 ps $setuphold (posedge G,posedge D,(0:0:0),(0:0:0),notifier,in_clk_enable_p,in_clk_enable_p,G_dly,D_dly) 
WARNING: "/home/aj/Vivado/2020.2/data/verilog/src/unisims/LDCE.v" Line 166: Timing violation in scope /tb_main/UUT/a0/res_o_reg[27]/TChk166_18304 at time 262055 ps $setuphold (posedge G,posedge D,(0:0:0),(0:0:0),notifier,in_clk_enable_p,in_clk_enable_p,G_dly,D_dly) 
WARNING: "/home/aj/Vivado/2020.2/data/verilog/src/unisims/LDCE.v" Line 166: Timing violation in scope /tb_main/UUT/a0/res_o_reg[28]/TChk166_18304 at time 262055 ps $setuphold (posedge G,posedge D,(0:0:0),(0:0:0),notifier,in_clk_enable_p,in_clk_enable_p,G_dly,D_dly) 
WARNING: "/home/aj/Vivado/2020.2/data/verilog/src/unisims/LDCE.v" Line 166: Timing violation in scope /tb_main/UUT/a0/res_o_reg[29]/TChk166_18304 at time 262055 ps $setuphold (posedge G,posedge D,(0:0:0),(0:0:0),notifier,in_clk_enable_p,in_clk_enable_p,G_dly,D_dly) 
WARNING: "/home/aj/Vivado/2020.2/data/verilog/src/unisims/LDCE.v" Line 166: Timing violation in scope /tb_main/UUT/a0/res_o_reg[30]/TChk166_18304 at time 262055 ps $setuphold (posedge G,posedge D,(0:0:0),(0:0:0),notifier,in_clk_enable_p,in_clk_enable_p,G_dly,D_dly) 
WARNING: "/home/aj/Vivado/2020.2/data/verilog/src/unisims/LDCE.v" Line 166: Timing violation in scope /tb_main/UUT/a0/res_o_reg[7]/TChk166_18304 at time 262055 ps $setuphold (posedge G,posedge D,(0:0:0),(0:0:0),notifier,in_clk_enable_p,in_clk_enable_p,G_dly,D_dly) 
WARNING: "/home/aj/Vivado/2020.2/data/verilog/src/unisims/LDCE.v" Line 163: Timing violation in scope /tb_main/UUT/a0/res_o_reg[1]/TChk163_18301 at time 302055 ps $setuphold (posedge G,negedge D,(0:0:0),(0:0:0),notifier,in_clk_enable_p,in_clk_enable_p,G_dly,D_dly) 
WARNING: "/home/aj/Vivado/2020.2/data/verilog/src/unisims/LDCE.v" Line 163: Timing violation in scope /tb_main/UUT/a0/res_o_reg[2]/TChk163_18301 at time 302055 ps $setuphold (posedge G,negedge D,(0:0:0),(0:0:0),notifier,in_clk_enable_p,in_clk_enable_p,G_dly,D_dly) 
WARNING: "/home/aj/Vivado/2020.2/data/verilog/src/unisims/LDCE.v" Line 163: Timing violation in scope /tb_main/UUT/a0/res_o_reg[3]/TChk163_18301 at time 302055 ps $setuphold (posedge G,negedge D,(0:0:0),(0:0:0),notifier,in_clk_enable_p,in_clk_enable_p,G_dly,D_dly) 
WARNING: "/home/aj/Vivado/2020.2/data/verilog/src/unisims/LDCE.v" Line 166: Timing violation in scope /tb_main/UUT/a0/res_o_reg[10]/TChk166_18304 at time 302055 ps $setuphold (posedge G,posedge D,(0:0:0),(0:0:0),notifier,in_clk_enable_p,in_clk_enable_p,G_dly,D_dly) 
WARNING: "/home/aj/Vivado/2020.2/data/verilog/src/unisims/LDCE.v" Line 166: Timing violation in scope /tb_main/UUT/a0/res_o_reg[11]/TChk166_18304 at time 302055 ps $setuphold (posedge G,posedge D,(0:0:0),(0:0:0),notifier,in_clk_enable_p,in_clk_enable_p,G_dly,D_dly) 
WARNING: "/home/aj/Vivado/2020.2/data/verilog/src/unisims/LDCE.v" Line 166: Timing violation in scope /tb_main/UUT/a0/res_o_reg[12]/TChk166_18304 at time 302055 ps $setuphold (posedge G,posedge D,(0:0:0),(0:0:0),notifier,in_clk_enable_p,in_clk_enable_p,G_dly,D_dly) 
WARNING: "/home/aj/Vivado/2020.2/data/verilog/src/unisims/LDCE.v" Line 166: Timing violation in scope /tb_main/UUT/a0/res_o_reg[13]/TChk166_18304 at time 302055 ps $setuphold (posedge G,posedge D,(0:0:0),(0:0:0),notifier,in_clk_enable_p,in_clk_enable_p,G_dly,D_dly) 
WARNING: "/home/aj/Vivado/2020.2/data/verilog/src/unisims/LDCE.v" Line 166: Timing violation in scope /tb_main/UUT/a0/res_o_reg[14]/TChk166_18304 at time 302055 ps $setuphold (posedge G,posedge D,(0:0:0),(0:0:0),notifier,in_clk_enable_p,in_clk_enable_p,G_dly,D_dly) 
WARNING: "/home/aj/Vivado/2020.2/data/verilog/src/unisims/LDCE.v" Line 166: Timing violation in scope /tb_main/UUT/a0/res_o_reg[15]/TChk166_18304 at time 302055 ps $setuphold (posedge G,posedge D,(0:0:0),(0:0:0),notifier,in_clk_enable_p,in_clk_enable_p,G_dly,D_dly) 
WARNING: "/home/aj/Vivado/2020.2/data/verilog/src/unisims/LDCE.v" Line 166: Timing violation in scope /tb_main/UUT/a0/res_o_reg[16]/TChk166_18304 at time 302055 ps $setuphold (posedge G,posedge D,(0:0:0),(0:0:0),notifier,in_clk_enable_p,in_clk_enable_p,G_dly,D_dly) 
WARNING: "/home/aj/Vivado/2020.2/data/verilog/src/unisims/LDCE.v" Line 166: Timing violation in scope /tb_main/UUT/a0/res_o_reg[17]/TChk166_18304 at time 302055 ps $setuphold (posedge G,posedge D,(0:0:0),(0:0:0),notifier,in_clk_enable_p,in_clk_enable_p,G_dly,D_dly) 
WARNING: "/home/aj/Vivado/2020.2/data/verilog/src/unisims/LDCE.v" Line 166: Timing violation in scope /tb_main/UUT/a0/res_o_reg[18]/TChk166_18304 at time 302055 ps $setuphold (posedge G,posedge D,(0:0:0),(0:0:0),notifier,in_clk_enable_p,in_clk_enable_p,G_dly,D_dly) 
WARNING: "/home/aj/Vivado/2020.2/data/verilog/src/unisims/LDCE.v" Line 166: Timing violation in scope /tb_main/UUT/a0/res_o_reg[19]/TChk166_18304 at time 302055 ps $setuphold (posedge G,posedge D,(0:0:0),(0:0:0),notifier,in_clk_enable_p,in_clk_enable_p,G_dly,D_dly) 
WARNING: "/home/aj/Vivado/2020.2/data/verilog/src/unisims/LDCE.v" Line 166: Timing violation in scope /tb_main/UUT/a0/res_o_reg[20]/TChk166_18304 at time 302055 ps $setuphold (posedge G,posedge D,(0:0:0),(0:0:0),notifier,in_clk_enable_p,in_clk_enable_p,G_dly,D_dly) 
WARNING: "/home/aj/Vivado/2020.2/data/verilog/src/unisims/LDCE.v" Line 166: Timing violation in scope /tb_main/UUT/a0/res_o_reg[21]/TChk166_18304 at time 302055 ps $setuphold (posedge G,posedge D,(0:0:0),(0:0:0),notifier,in_clk_enable_p,in_clk_enable_p,G_dly,D_dly) 
WARNING: "/home/aj/Vivado/2020.2/data/verilog/src/unisims/LDCE.v" Line 166: Timing violation in scope /tb_main/UUT/a0/res_o_reg[22]/TChk166_18304 at time 302055 ps $setuphold (posedge G,posedge D,(0:0:0),(0:0:0),notifier,in_clk_enable_p,in_clk_enable_p,G_dly,D_dly) 
WARNING: "/home/aj/Vivado/2020.2/data/verilog/src/unisims/LDCE.v" Line 166: Timing violation in scope /tb_main/UUT/a0/res_o_reg[23]/TChk166_18304 at time 302055 ps $setuphold (posedge G,posedge D,(0:0:0),(0:0:0),notifier,in_clk_enable_p,in_clk_enable_p,G_dly,D_dly) 
WARNING: "/home/aj/Vivado/2020.2/data/verilog/src/unisims/LDCE.v" Line 166: Timing violation in scope /tb_main/UUT/a0/res_o_reg[24]/TChk166_18304 at time 302055 ps $setuphold (posedge G,posedge D,(0:0:0),(0:0:0),notifier,in_clk_enable_p,in_clk_enable_p,G_dly,D_dly) 
WARNING: "/home/aj/Vivado/2020.2/data/verilog/src/unisims/LDCE.v" Line 166: Timing violation in scope /tb_main/UUT/a0/res_o_reg[25]/TChk166_18304 at time 302055 ps $setuphold (posedge G,posedge D,(0:0:0),(0:0:0),notifier,in_clk_enable_p,in_clk_enable_p,G_dly,D_dly) 
WARNING: "/home/aj/Vivado/2020.2/data/verilog/src/unisims/LDCE.v" Line 166: Timing violation in scope /tb_main/UUT/a0/res_o_reg[26]/TChk166_18304 at time 302055 ps $setuphold (posedge G,posedge D,(0:0:0),(0:0:0),notifier,in_clk_enable_p,in_clk_enable_p,G_dly,D_dly) 
WARNING: "/home/aj/Vivado/2020.2/data/verilog/src/unisims/LDCE.v" Line 166: Timing violation in scope /tb_main/UUT/a0/res_o_reg[27]/TChk166_18304 at time 302055 ps $setuphold (posedge G,posedge D,(0:0:0),(0:0:0),notifier,in_clk_enable_p,in_clk_enable_p,G_dly,D_dly) 
WARNING: "/home/aj/Vivado/2020.2/data/verilog/src/unisims/LDCE.v" Line 166: Timing violation in scope /tb_main/UUT/a0/res_o_reg[28]/TChk166_18304 at time 302055 ps $setuphold (posedge G,posedge D,(0:0:0),(0:0:0),notifier,in_clk_enable_p,in_clk_enable_p,G_dly,D_dly) 
WARNING: "/home/aj/Vivado/2020.2/data/verilog/src/unisims/LDCE.v" Line 166: Timing violation in scope /tb_main/UUT/a0/res_o_reg[29]/TChk166_18304 at time 302055 ps $setuphold (posedge G,posedge D,(0:0:0),(0:0:0),notifier,in_clk_enable_p,in_clk_enable_p,G_dly,D_dly) 
WARNING: "/home/aj/Vivado/2020.2/data/verilog/src/unisims/LDCE.v" Line 166: Timing violation in scope /tb_main/UUT/a0/res_o_reg[30]/TChk166_18304 at time 302055 ps $setuphold (posedge G,posedge D,(0:0:0),(0:0:0),notifier,in_clk_enable_p,in_clk_enable_p,G_dly,D_dly) 
WARNING: "/home/aj/Vivado/2020.2/data/verilog/src/unisims/LDCE.v" Line 166: Timing violation in scope /tb_main/UUT/a0/res_o_reg[7]/TChk166_18304 at time 302055 ps $setuphold (posedge G,posedge D,(0:0:0),(0:0:0),notifier,in_clk_enable_p,in_clk_enable_p,G_dly,D_dly) 
WARNING: "/home/aj/Vivado/2020.2/data/verilog/src/unisims/LDCE.v" Line 163: Timing violation in scope /tb_main/UUT/a0/res_o_reg[1]/TChk163_18301 at time 342055 ps $setuphold (posedge G,negedge D,(0:0:0),(0:0:0),notifier,in_clk_enable_p,in_clk_enable_p,G_dly,D_dly) 
WARNING: "/home/aj/Vivado/2020.2/data/verilog/src/unisims/LDCE.v" Line 163: Timing violation in scope /tb_main/UUT/a0/res_o_reg[2]/TChk163_18301 at time 342055 ps $setuphold (posedge G,negedge D,(0:0:0),(0:0:0),notifier,in_clk_enable_p,in_clk_enable_p,G_dly,D_dly) 
WARNING: "/home/aj/Vivado/2020.2/data/verilog/src/unisims/LDCE.v" Line 163: Timing violation in scope /tb_main/UUT/a0/res_o_reg[3]/TChk163_18301 at time 342055 ps $setuphold (posedge G,negedge D,(0:0:0),(0:0:0),notifier,in_clk_enable_p,in_clk_enable_p,G_dly,D_dly) 
WARNING: "/home/aj/Vivado/2020.2/data/verilog/src/unisims/LDCE.v" Line 166: Timing violation in scope /tb_main/UUT/a0/res_o_reg[10]/TChk166_18304 at time 342055 ps $setuphold (posedge G,posedge D,(0:0:0),(0:0:0),notifier,in_clk_enable_p,in_clk_enable_p,G_dly,D_dly) 
WARNING: "/home/aj/Vivado/2020.2/data/verilog/src/unisims/LDCE.v" Line 166: Timing violation in scope /tb_main/UUT/a0/res_o_reg[11]/TChk166_18304 at time 342055 ps $setuphold (posedge G,posedge D,(0:0:0),(0:0:0),notifier,in_clk_enable_p,in_clk_enable_p,G_dly,D_dly) 
WARNING: "/home/aj/Vivado/2020.2/data/verilog/src/unisims/LDCE.v" Line 166: Timing violation in scope /tb_main/UUT/a0/res_o_reg[12]/TChk166_18304 at time 342055 ps $setuphold (posedge G,posedge D,(0:0:0),(0:0:0),notifier,in_clk_enable_p,in_clk_enable_p,G_dly,D_dly) 
WARNING: "/home/aj/Vivado/2020.2/data/verilog/src/unisims/LDCE.v" Line 166: Timing violation in scope /tb_main/UUT/a0/res_o_reg[13]/TChk166_18304 at time 342055 ps $setuphold (posedge G,posedge D,(0:0:0),(0:0:0),notifier,in_clk_enable_p,in_clk_enable_p,G_dly,D_dly) 
WARNING: "/home/aj/Vivado/2020.2/data/verilog/src/unisims/LDCE.v" Line 166: Timing violation in scope /tb_main/UUT/a0/res_o_reg[14]/TChk166_18304 at time 342055 ps $setuphold (posedge G,posedge D,(0:0:0),(0:0:0),notifier,in_clk_enable_p,in_clk_enable_p,G_dly,D_dly) 
WARNING: "/home/aj/Vivado/2020.2/data/verilog/src/unisims/LDCE.v" Line 166: Timing violation in scope /tb_main/UUT/a0/res_o_reg[15]/TChk166_18304 at time 342055 ps $setuphold (posedge G,posedge D,(0:0:0),(0:0:0),notifier,in_clk_enable_p,in_clk_enable_p,G_dly,D_dly) 
WARNING: "/home/aj/Vivado/2020.2/data/verilog/src/unisims/LDCE.v" Line 166: Timing violation in scope /tb_main/UUT/a0/res_o_reg[16]/TChk166_18304 at time 342055 ps $setuphold (posedge G,posedge D,(0:0:0),(0:0:0),notifier,in_clk_enable_p,in_clk_enable_p,G_dly,D_dly) 
WARNING: "/home/aj/Vivado/2020.2/data/verilog/src/unisims/LDCE.v" Line 166: Timing violation in scope /tb_main/UUT/a0/res_o_reg[17]/TChk166_18304 at time 342055 ps $setuphold (posedge G,posedge D,(0:0:0),(0:0:0),notifier,in_clk_enable_p,in_clk_enable_p,G_dly,D_dly) 
WARNING: "/home/aj/Vivado/2020.2/data/verilog/src/unisims/LDCE.v" Line 166: Timing violation in scope /tb_main/UUT/a0/res_o_reg[18]/TChk166_18304 at time 342055 ps $setuphold (posedge G,posedge D,(0:0:0),(0:0:0),notifier,in_clk_enable_p,in_clk_enable_p,G_dly,D_dly) 
WARNING: "/home/aj/Vivado/2020.2/data/verilog/src/unisims/LDCE.v" Line 166: Timing violation in scope /tb_main/UUT/a0/res_o_reg[19]/TChk166_18304 at time 342055 ps $setuphold (posedge G,posedge D,(0:0:0),(0:0:0),notifier,in_clk_enable_p,in_clk_enable_p,G_dly,D_dly) 
WARNING: "/home/aj/Vivado/2020.2/data/verilog/src/unisims/LDCE.v" Line 166: Timing violation in scope /tb_main/UUT/a0/res_o_reg[20]/TChk166_18304 at time 342055 ps $setuphold (posedge G,posedge D,(0:0:0),(0:0:0),notifier,in_clk_enable_p,in_clk_enable_p,G_dly,D_dly) 
WARNING: "/home/aj/Vivado/2020.2/data/verilog/src/unisims/LDCE.v" Line 166: Timing violation in scope /tb_main/UUT/a0/res_o_reg[21]/TChk166_18304 at time 342055 ps $setuphold (posedge G,posedge D,(0:0:0),(0:0:0),notifier,in_clk_enable_p,in_clk_enable_p,G_dly,D_dly) 
WARNING: "/home/aj/Vivado/2020.2/data/verilog/src/unisims/LDCE.v" Line 166: Timing violation in scope /tb_main/UUT/a0/res_o_reg[22]/TChk166_18304 at time 342055 ps $setuphold (posedge G,posedge D,(0:0:0),(0:0:0),notifier,in_clk_enable_p,in_clk_enable_p,G_dly,D_dly) 
WARNING: "/home/aj/Vivado/2020.2/data/verilog/src/unisims/LDCE.v" Line 166: Timing violation in scope /tb_main/UUT/a0/res_o_reg[23]/TChk166_18304 at time 342055 ps $setuphold (posedge G,posedge D,(0:0:0),(0:0:0),notifier,in_clk_enable_p,in_clk_enable_p,G_dly,D_dly) 
WARNING: "/home/aj/Vivado/2020.2/data/verilog/src/unisims/LDCE.v" Line 166: Timing violation in scope /tb_main/UUT/a0/res_o_reg[24]/TChk166_18304 at time 342055 ps $setuphold (posedge G,posedge D,(0:0:0),(0:0:0),notifier,in_clk_enable_p,in_clk_enable_p,G_dly,D_dly) 
WARNING: "/home/aj/Vivado/2020.2/data/verilog/src/unisims/LDCE.v" Line 166: Timing violation in scope /tb_main/UUT/a0/res_o_reg[25]/TChk166_18304 at time 342055 ps $setuphold (posedge G,posedge D,(0:0:0),(0:0:0),notifier,in_clk_enable_p,in_clk_enable_p,G_dly,D_dly) 
WARNING: "/home/aj/Vivado/2020.2/data/verilog/src/unisims/LDCE.v" Line 166: Timing violation in scope /tb_main/UUT/a0/res_o_reg[26]/TChk166_18304 at time 342055 ps $setuphold (posedge G,posedge D,(0:0:0),(0:0:0),notifier,in_clk_enable_p,in_clk_enable_p,G_dly,D_dly) 
WARNING: "/home/aj/Vivado/2020.2/data/verilog/src/unisims/LDCE.v" Line 166: Timing violation in scope /tb_main/UUT/a0/res_o_reg[27]/TChk166_18304 at time 342055 ps $setuphold (posedge G,posedge D,(0:0:0),(0:0:0),notifier,in_clk_enable_p,in_clk_enable_p,G_dly,D_dly) 
WARNING: "/home/aj/Vivado/2020.2/data/verilog/src/unisims/LDCE.v" Line 166: Timing violation in scope /tb_main/UUT/a0/res_o_reg[28]/TChk166_18304 at time 342055 ps $setuphold (posedge G,posedge D,(0:0:0),(0:0:0),notifier,in_clk_enable_p,in_clk_enable_p,G_dly,D_dly) 
WARNING: "/home/aj/Vivado/2020.2/data/verilog/src/unisims/LDCE.v" Line 166: Timing violation in scope /tb_main/UUT/a0/res_o_reg[29]/TChk166_18304 at time 342055 ps $setuphold (posedge G,posedge D,(0:0:0),(0:0:0),notifier,in_clk_enable_p,in_clk_enable_p,G_dly,D_dly) 
WARNING: "/home/aj/Vivado/2020.2/data/verilog/src/unisims/LDCE.v" Line 166: Timing violation in scope /tb_main/UUT/a0/res_o_reg[30]/TChk166_18304 at time 342055 ps $setuphold (posedge G,posedge D,(0:0:0),(0:0:0),notifier,in_clk_enable_p,in_clk_enable_p,G_dly,D_dly) 
WARNING: "/home/aj/Vivado/2020.2/data/verilog/src/unisims/LDCE.v" Line 166: Timing violation in scope /tb_main/UUT/a0/res_o_reg[7]/TChk166_18304 at time 342055 ps $setuphold (posedge G,posedge D,(0:0:0),(0:0:0),notifier,in_clk_enable_p,in_clk_enable_p,G_dly,D_dly) 
WARNING: "/home/aj/Vivado/2020.2/data/verilog/src/unisims/LDCE.v" Line 163: Timing violation in scope /tb_main/UUT/a0/res_o_reg[1]/TChk163_18301 at time 382055 ps $setuphold (posedge G,negedge D,(0:0:0),(0:0:0),notifier,in_clk_enable_p,in_clk_enable_p,G_dly,D_dly) 
WARNING: "/home/aj/Vivado/2020.2/data/verilog/src/unisims/LDCE.v" Line 163: Timing violation in scope /tb_main/UUT/a0/res_o_reg[2]/TChk163_18301 at time 382055 ps $setuphold (posedge G,negedge D,(0:0:0),(0:0:0),notifier,in_clk_enable_p,in_clk_enable_p,G_dly,D_dly) 
WARNING: "/home/aj/Vivado/2020.2/data/verilog/src/unisims/LDCE.v" Line 163: Timing violation in scope /tb_main/UUT/a0/res_o_reg[3]/TChk163_18301 at time 382055 ps $setuphold (posedge G,negedge D,(0:0:0),(0:0:0),notifier,in_clk_enable_p,in_clk_enable_p,G_dly,D_dly) 
WARNING: "/home/aj/Vivado/2020.2/data/verilog/src/unisims/LDCE.v" Line 166: Timing violation in scope /tb_main/UUT/a0/res_o_reg[10]/TChk166_18304 at time 382055 ps $setuphold (posedge G,posedge D,(0:0:0),(0:0:0),notifier,in_clk_enable_p,in_clk_enable_p,G_dly,D_dly) 
WARNING: "/home/aj/Vivado/2020.2/data/verilog/src/unisims/LDCE.v" Line 166: Timing violation in scope /tb_main/UUT/a0/res_o_reg[11]/TChk166_18304 at time 382055 ps $setuphold (posedge G,posedge D,(0:0:0),(0:0:0),notifier,in_clk_enable_p,in_clk_enable_p,G_dly,D_dly) 
WARNING: "/home/aj/Vivado/2020.2/data/verilog/src/unisims/LDCE.v" Line 166: Timing violation in scope /tb_main/UUT/a0/res_o_reg[12]/TChk166_18304 at time 382055 ps $setuphold (posedge G,posedge D,(0:0:0),(0:0:0),notifier,in_clk_enable_p,in_clk_enable_p,G_dly,D_dly) 
WARNING: "/home/aj/Vivado/2020.2/data/verilog/src/unisims/LDCE.v" Line 166: Timing violation in scope /tb_main/UUT/a0/res_o_reg[13]/TChk166_18304 at time 382055 ps $setuphold (posedge G,posedge D,(0:0:0),(0:0:0),notifier,in_clk_enable_p,in_clk_enable_p,G_dly,D_dly) 
WARNING: "/home/aj/Vivado/2020.2/data/verilog/src/unisims/LDCE.v" Line 166: Timing violation in scope /tb_main/UUT/a0/res_o_reg[14]/TChk166_18304 at time 382055 ps $setuphold (posedge G,posedge D,(0:0:0),(0:0:0),notifier,in_clk_enable_p,in_clk_enable_p,G_dly,D_dly) 
WARNING: "/home/aj/Vivado/2020.2/data/verilog/src/unisims/LDCE.v" Line 166: Timing violation in scope /tb_main/UUT/a0/res_o_reg[15]/TChk166_18304 at time 382055 ps $setuphold (posedge G,posedge D,(0:0:0),(0:0:0),notifier,in_clk_enable_p,in_clk_enable_p,G_dly,D_dly) 
WARNING: "/home/aj/Vivado/2020.2/data/verilog/src/unisims/LDCE.v" Line 166: Timing violation in scope /tb_main/UUT/a0/res_o_reg[16]/TChk166_18304 at time 382055 ps $setuphold (posedge G,posedge D,(0:0:0),(0:0:0),notifier,in_clk_enable_p,in_clk_enable_p,G_dly,D_dly) 
WARNING: "/home/aj/Vivado/2020.2/data/verilog/src/unisims/LDCE.v" Line 166: Timing violation in scope /tb_main/UUT/a0/res_o_reg[17]/TChk166_18304 at time 382055 ps $setuphold (posedge G,posedge D,(0:0:0),(0:0:0),notifier,in_clk_enable_p,in_clk_enable_p,G_dly,D_dly) 
WARNING: "/home/aj/Vivado/2020.2/data/verilog/src/unisims/LDCE.v" Line 166: Timing violation in scope /tb_main/UUT/a0/res_o_reg[18]/TChk166_18304 at time 382055 ps $setuphold (posedge G,posedge D,(0:0:0),(0:0:0),notifier,in_clk_enable_p,in_clk_enable_p,G_dly,D_dly) 
WARNING: "/home/aj/Vivado/2020.2/data/verilog/src/unisims/LDCE.v" Line 166: Timing violation in scope /tb_main/UUT/a0/res_o_reg[19]/TChk166_18304 at time 382055 ps $setuphold (posedge G,posedge D,(0:0:0),(0:0:0),notifier,in_clk_enable_p,in_clk_enable_p,G_dly,D_dly) 
WARNING: "/home/aj/Vivado/2020.2/data/verilog/src/unisims/LDCE.v" Line 166: Timing violation in scope /tb_main/UUT/a0/res_o_reg[20]/TChk166_18304 at time 382055 ps $setuphold (posedge G,posedge D,(0:0:0),(0:0:0),notifier,in_clk_enable_p,in_clk_enable_p,G_dly,D_dly) 
WARNING: "/home/aj/Vivado/2020.2/data/verilog/src/unisims/LDCE.v" Line 166: Timing violation in scope /tb_main/UUT/a0/res_o_reg[21]/TChk166_18304 at time 382055 ps $setuphold (posedge G,posedge D,(0:0:0),(0:0:0),notifier,in_clk_enable_p,in_clk_enable_p,G_dly,D_dly) 
WARNING: "/home/aj/Vivado/2020.2/data/verilog/src/unisims/LDCE.v" Line 166: Timing violation in scope /tb_main/UUT/a0/res_o_reg[22]/TChk166_18304 at time 382055 ps $setuphold (posedge G,posedge D,(0:0:0),(0:0:0),notifier,in_clk_enable_p,in_clk_enable_p,G_dly,D_dly) 
WARNING: "/home/aj/Vivado/2020.2/data/verilog/src/unisims/LDCE.v" Line 166: Timing violation in scope /tb_main/UUT/a0/res_o_reg[23]/TChk166_18304 at time 382055 ps $setuphold (posedge G,posedge D,(0:0:0),(0:0:0),notifier,in_clk_enable_p,in_clk_enable_p,G_dly,D_dly) 
WARNING: "/home/aj/Vivado/2020.2/data/verilog/src/unisims/LDCE.v" Line 166: Timing violation in scope /tb_main/UUT/a0/res_o_reg[24]/TChk166_18304 at time 382055 ps $setuphold (posedge G,posedge D,(0:0:0),(0:0:0),notifier,in_clk_enable_p,in_clk_enable_p,G_dly,D_dly) 
WARNING: "/home/aj/Vivado/2020.2/data/verilog/src/unisims/LDCE.v" Line 166: Timing violation in scope /tb_main/UUT/a0/res_o_reg[25]/TChk166_18304 at time 382055 ps $setuphold (posedge G,posedge D,(0:0:0),(0:0:0),notifier,in_clk_enable_p,in_clk_enable_p,G_dly,D_dly) 
WARNING: "/home/aj/Vivado/2020.2/data/verilog/src/unisims/LDCE.v" Line 166: Timing violation in scope /tb_main/UUT/a0/res_o_reg[26]/TChk166_18304 at time 382055 ps $setuphold (posedge G,posedge D,(0:0:0),(0:0:0),notifier,in_clk_enable_p,in_clk_enable_p,G_dly,D_dly) 
WARNING: "/home/aj/Vivado/2020.2/data/verilog/src/unisims/LDCE.v" Line 166: Timing violation in scope /tb_main/UUT/a0/res_o_reg[27]/TChk166_18304 at time 382055 ps $setuphold (posedge G,posedge D,(0:0:0),(0:0:0),notifier,in_clk_enable_p,in_clk_enable_p,G_dly,D_dly) 
WARNING: "/home/aj/Vivado/2020.2/data/verilog/src/unisims/LDCE.v" Line 166: Timing violation in scope /tb_main/UUT/a0/res_o_reg[28]/TChk166_18304 at time 382055 ps $setuphold (posedge G,posedge D,(0:0:0),(0:0:0),notifier,in_clk_enable_p,in_clk_enable_p,G_dly,D_dly) 
WARNING: "/home/aj/Vivado/2020.2/data/verilog/src/unisims/LDCE.v" Line 166: Timing violation in scope /tb_main/UUT/a0/res_o_reg[29]/TChk166_18304 at time 382055 ps $setuphold (posedge G,posedge D,(0:0:0),(0:0:0),notifier,in_clk_enable_p,in_clk_enable_p,G_dly,D_dly) 
WARNING: "/home/aj/Vivado/2020.2/data/verilog/src/unisims/LDCE.v" Line 166: Timing violation in scope /tb_main/UUT/a0/res_o_reg[30]/TChk166_18304 at time 382055 ps $setuphold (posedge G,posedge D,(0:0:0),(0:0:0),notifier,in_clk_enable_p,in_clk_enable_p,G_dly,D_dly) 
WARNING: "/home/aj/Vivado/2020.2/data/verilog/src/unisims/LDCE.v" Line 166: Timing violation in scope /tb_main/UUT/a0/res_o_reg[7]/TChk166_18304 at time 382055 ps $setuphold (posedge G,posedge D,(0:0:0),(0:0:0),notifier,in_clk_enable_p,in_clk_enable_p,G_dly,D_dly) 
WARNING: "/home/aj/Vivado/2020.2/data/verilog/src/unisims/LDCE.v" Line 163: Timing violation in scope /tb_main/UUT/a0/res_o_reg[1]/TChk163_18301 at time 422055 ps $setuphold (posedge G,negedge D,(0:0:0),(0:0:0),notifier,in_clk_enable_p,in_clk_enable_p,G_dly,D_dly) 
WARNING: "/home/aj/Vivado/2020.2/data/verilog/src/unisims/LDCE.v" Line 163: Timing violation in scope /tb_main/UUT/a0/res_o_reg[2]/TChk163_18301 at time 422055 ps $setuphold (posedge G,negedge D,(0:0:0),(0:0:0),notifier,in_clk_enable_p,in_clk_enable_p,G_dly,D_dly) 
WARNING: "/home/aj/Vivado/2020.2/data/verilog/src/unisims/LDCE.v" Line 163: Timing violation in scope /tb_main/UUT/a0/res_o_reg[3]/TChk163_18301 at time 422055 ps $setuphold (posedge G,negedge D,(0:0:0),(0:0:0),notifier,in_clk_enable_p,in_clk_enable_p,G_dly,D_dly) 
WARNING: "/home/aj/Vivado/2020.2/data/verilog/src/unisims/LDCE.v" Line 166: Timing violation in scope /tb_main/UUT/a0/res_o_reg[10]/TChk166_18304 at time 422055 ps $setuphold (posedge G,posedge D,(0:0:0),(0:0:0),notifier,in_clk_enable_p,in_clk_enable_p,G_dly,D_dly) 
WARNING: "/home/aj/Vivado/2020.2/data/verilog/src/unisims/LDCE.v" Line 166: Timing violation in scope /tb_main/UUT/a0/res_o_reg[11]/TChk166_18304 at time 422055 ps $setuphold (posedge G,posedge D,(0:0:0),(0:0:0),notifier,in_clk_enable_p,in_clk_enable_p,G_dly,D_dly) 
WARNING: "/home/aj/Vivado/2020.2/data/verilog/src/unisims/LDCE.v" Line 166: Timing violation in scope /tb_main/UUT/a0/res_o_reg[12]/TChk166_18304 at time 422055 ps $setuphold (posedge G,posedge D,(0:0:0),(0:0:0),notifier,in_clk_enable_p,in_clk_enable_p,G_dly,D_dly) 
WARNING: "/home/aj/Vivado/2020.2/data/verilog/src/unisims/LDCE.v" Line 166: Timing violation in scope /tb_main/UUT/a0/res_o_reg[13]/TChk166_18304 at time 422055 ps $setuphold (posedge G,posedge D,(0:0:0),(0:0:0),notifier,in_clk_enable_p,in_clk_enable_p,G_dly,D_dly) 
WARNING: "/home/aj/Vivado/2020.2/data/verilog/src/unisims/LDCE.v" Line 166: Timing violation in scope /tb_main/UUT/a0/res_o_reg[14]/TChk166_18304 at time 422055 ps $setuphold (posedge G,posedge D,(0:0:0),(0:0:0),notifier,in_clk_enable_p,in_clk_enable_p,G_dly,D_dly) 
WARNING: "/home/aj/Vivado/2020.2/data/verilog/src/unisims/LDCE.v" Line 166: Timing violation in scope /tb_main/UUT/a0/res_o_reg[15]/TChk166_18304 at time 422055 ps $setuphold (posedge G,posedge D,(0:0:0),(0:0:0),notifier,in_clk_enable_p,in_clk_enable_p,G_dly,D_dly) 
WARNING: "/home/aj/Vivado/2020.2/data/verilog/src/unisims/LDCE.v" Line 166: Timing violation in scope /tb_main/UUT/a0/res_o_reg[16]/TChk166_18304 at time 422055 ps $setuphold (posedge G,posedge D,(0:0:0),(0:0:0),notifier,in_clk_enable_p,in_clk_enable_p,G_dly,D_dly) 
WARNING: "/home/aj/Vivado/2020.2/data/verilog/src/unisims/LDCE.v" Line 166: Timing violation in scope /tb_main/UUT/a0/res_o_reg[17]/TChk166_18304 at time 422055 ps $setuphold (posedge G,posedge D,(0:0:0),(0:0:0),notifier,in_clk_enable_p,in_clk_enable_p,G_dly,D_dly) 
WARNING: "/home/aj/Vivado/2020.2/data/verilog/src/unisims/LDCE.v" Line 166: Timing violation in scope /tb_main/UUT/a0/res_o_reg[18]/TChk166_18304 at time 422055 ps $setuphold (posedge G,posedge D,(0:0:0),(0:0:0),notifier,in_clk_enable_p,in_clk_enable_p,G_dly,D_dly) 
WARNING: "/home/aj/Vivado/2020.2/data/verilog/src/unisims/LDCE.v" Line 166: Timing violation in scope /tb_main/UUT/a0/res_o_reg[19]/TChk166_18304 at time 422055 ps $setuphold (posedge G,posedge D,(0:0:0),(0:0:0),notifier,in_clk_enable_p,in_clk_enable_p,G_dly,D_dly) 
WARNING: "/home/aj/Vivado/2020.2/data/verilog/src/unisims/LDCE.v" Line 166: Timing violation in scope /tb_main/UUT/a0/res_o_reg[20]/TChk166_18304 at time 422055 ps $setuphold (posedge G,posedge D,(0:0:0),(0:0:0),notifier,in_clk_enable_p,in_clk_enable_p,G_dly,D_dly) 
WARNING: "/home/aj/Vivado/2020.2/data/verilog/src/unisims/LDCE.v" Line 166: Timing violation in scope /tb_main/UUT/a0/res_o_reg[21]/TChk166_18304 at time 422055 ps $setuphold (posedge G,posedge D,(0:0:0),(0:0:0),notifier,in_clk_enable_p,in_clk_enable_p,G_dly,D_dly) 
WARNING: "/home/aj/Vivado/2020.2/data/verilog/src/unisims/LDCE.v" Line 166: Timing violation in scope /tb_main/UUT/a0/res_o_reg[22]/TChk166_18304 at time 422055 ps $setuphold (posedge G,posedge D,(0:0:0),(0:0:0),notifier,in_clk_enable_p,in_clk_enable_p,G_dly,D_dly) 
WARNING: "/home/aj/Vivado/2020.2/data/verilog/src/unisims/LDCE.v" Line 166: Timing violation in scope /tb_main/UUT/a0/res_o_reg[23]/TChk166_18304 at time 422055 ps $setuphold (posedge G,posedge D,(0:0:0),(0:0:0),notifier,in_clk_enable_p,in_clk_enable_p,G_dly,D_dly) 
WARNING: "/home/aj/Vivado/2020.2/data/verilog/src/unisims/LDCE.v" Line 166: Timing violation in scope /tb_main/UUT/a0/res_o_reg[24]/TChk166_18304 at time 422055 ps $setuphold (posedge G,posedge D,(0:0:0),(0:0:0),notifier,in_clk_enable_p,in_clk_enable_p,G_dly,D_dly) 
WARNING: "/home/aj/Vivado/2020.2/data/verilog/src/unisims/LDCE.v" Line 166: Timing violation in scope /tb_main/UUT/a0/res_o_reg[25]/TChk166_18304 at time 422055 ps $setuphold (posedge G,posedge D,(0:0:0),(0:0:0),notifier,in_clk_enable_p,in_clk_enable_p,G_dly,D_dly) 
WARNING: "/home/aj/Vivado/2020.2/data/verilog/src/unisims/LDCE.v" Line 166: Timing violation in scope /tb_main/UUT/a0/res_o_reg[26]/TChk166_18304 at time 422055 ps $setuphold (posedge G,posedge D,(0:0:0),(0:0:0),notifier,in_clk_enable_p,in_clk_enable_p,G_dly,D_dly) 
WARNING: "/home/aj/Vivado/2020.2/data/verilog/src/unisims/LDCE.v" Line 166: Timing violation in scope /tb_main/UUT/a0/res_o_reg[27]/TChk166_18304 at time 422055 ps $setuphold (posedge G,posedge D,(0:0:0),(0:0:0),notifier,in_clk_enable_p,in_clk_enable_p,G_dly,D_dly) 
WARNING: "/home/aj/Vivado/2020.2/data/verilog/src/unisims/LDCE.v" Line 166: Timing violation in scope /tb_main/UUT/a0/res_o_reg[28]/TChk166_18304 at time 422055 ps $setuphold (posedge G,posedge D,(0:0:0),(0:0:0),notifier,in_clk_enable_p,in_clk_enable_p,G_dly,D_dly) 
WARNING: "/home/aj/Vivado/2020.2/data/verilog/src/unisims/LDCE.v" Line 166: Timing violation in scope /tb_main/UUT/a0/res_o_reg[29]/TChk166_18304 at time 422055 ps $setuphold (posedge G,posedge D,(0:0:0),(0:0:0),notifier,in_clk_enable_p,in_clk_enable_p,G_dly,D_dly) 
WARNING: "/home/aj/Vivado/2020.2/data/verilog/src/unisims/LDCE.v" Line 166: Timing violation in scope /tb_main/UUT/a0/res_o_reg[30]/TChk166_18304 at time 422055 ps $setuphold (posedge G,posedge D,(0:0:0),(0:0:0),notifier,in_clk_enable_p,in_clk_enable_p,G_dly,D_dly) 
WARNING: "/home/aj/Vivado/2020.2/data/verilog/src/unisims/LDCE.v" Line 166: Timing violation in scope /tb_main/UUT/a0/res_o_reg[7]/TChk166_18304 at time 422055 ps $setuphold (posedge G,posedge D,(0:0:0),(0:0:0),notifier,in_clk_enable_p,in_clk_enable_p,G_dly,D_dly) 
WARNING: "/home/aj/Vivado/2020.2/data/verilog/src/unisims/LDCE.v" Line 163: Timing violation in scope /tb_main/UUT/a0/res_o_reg[1]/TChk163_18301 at time 462055 ps $setuphold (posedge G,negedge D,(0:0:0),(0:0:0),notifier,in_clk_enable_p,in_clk_enable_p,G_dly,D_dly) 
WARNING: "/home/aj/Vivado/2020.2/data/verilog/src/unisims/LDCE.v" Line 163: Timing violation in scope /tb_main/UUT/a0/res_o_reg[2]/TChk163_18301 at time 462055 ps $setuphold (posedge G,negedge D,(0:0:0),(0:0:0),notifier,in_clk_enable_p,in_clk_enable_p,G_dly,D_dly) 
WARNING: "/home/aj/Vivado/2020.2/data/verilog/src/unisims/LDCE.v" Line 163: Timing violation in scope /tb_main/UUT/a0/res_o_reg[3]/TChk163_18301 at time 462055 ps $setuphold (posedge G,negedge D,(0:0:0),(0:0:0),notifier,in_clk_enable_p,in_clk_enable_p,G_dly,D_dly) 
WARNING: "/home/aj/Vivado/2020.2/data/verilog/src/unisims/LDCE.v" Line 166: Timing violation in scope /tb_main/UUT/a0/res_o_reg[10]/TChk166_18304 at time 462055 ps $setuphold (posedge G,posedge D,(0:0:0),(0:0:0),notifier,in_clk_enable_p,in_clk_enable_p,G_dly,D_dly) 
WARNING: "/home/aj/Vivado/2020.2/data/verilog/src/unisims/LDCE.v" Line 166: Timing violation in scope /tb_main/UUT/a0/res_o_reg[11]/TChk166_18304 at time 462055 ps $setuphold (posedge G,posedge D,(0:0:0),(0:0:0),notifier,in_clk_enable_p,in_clk_enable_p,G_dly,D_dly) 
WARNING: "/home/aj/Vivado/2020.2/data/verilog/src/unisims/LDCE.v" Line 166: Timing violation in scope /tb_main/UUT/a0/res_o_reg[12]/TChk166_18304 at time 462055 ps $setuphold (posedge G,posedge D,(0:0:0),(0:0:0),notifier,in_clk_enable_p,in_clk_enable_p,G_dly,D_dly) 
WARNING: "/home/aj/Vivado/2020.2/data/verilog/src/unisims/LDCE.v" Line 166: Timing violation in scope /tb_main/UUT/a0/res_o_reg[13]/TChk166_18304 at time 462055 ps $setuphold (posedge G,posedge D,(0:0:0),(0:0:0),notifier,in_clk_enable_p,in_clk_enable_p,G_dly,D_dly) 
WARNING: "/home/aj/Vivado/2020.2/data/verilog/src/unisims/LDCE.v" Line 166: Timing violation in scope /tb_main/UUT/a0/res_o_reg[14]/TChk166_18304 at time 462055 ps $setuphold (posedge G,posedge D,(0:0:0),(0:0:0),notifier,in_clk_enable_p,in_clk_enable_p,G_dly,D_dly) 
WARNING: "/home/aj/Vivado/2020.2/data/verilog/src/unisims/LDCE.v" Line 166: Timing violation in scope /tb_main/UUT/a0/res_o_reg[15]/TChk166_18304 at time 462055 ps $setuphold (posedge G,posedge D,(0:0:0),(0:0:0),notifier,in_clk_enable_p,in_clk_enable_p,G_dly,D_dly) 
WARNING: "/home/aj/Vivado/2020.2/data/verilog/src/unisims/LDCE.v" Line 166: Timing violation in scope /tb_main/UUT/a0/res_o_reg[16]/TChk166_18304 at time 462055 ps $setuphold (posedge G,posedge D,(0:0:0),(0:0:0),notifier,in_clk_enable_p,in_clk_enable_p,G_dly,D_dly) 
WARNING: "/home/aj/Vivado/2020.2/data/verilog/src/unisims/LDCE.v" Line 166: Timing violation in scope /tb_main/UUT/a0/res_o_reg[17]/TChk166_18304 at time 462055 ps $setuphold (posedge G,posedge D,(0:0:0),(0:0:0),notifier,in_clk_enable_p,in_clk_enable_p,G_dly,D_dly) 
WARNING: "/home/aj/Vivado/2020.2/data/verilog/src/unisims/LDCE.v" Line 166: Timing violation in scope /tb_main/UUT/a0/res_o_reg[18]/TChk166_18304 at time 462055 ps $setuphold (posedge G,posedge D,(0:0:0),(0:0:0),notifier,in_clk_enable_p,in_clk_enable_p,G_dly,D_dly) 
WARNING: "/home/aj/Vivado/2020.2/data/verilog/src/unisims/LDCE.v" Line 166: Timing violation in scope /tb_main/UUT/a0/res_o_reg[19]/TChk166_18304 at time 462055 ps $setuphold (posedge G,posedge D,(0:0:0),(0:0:0),notifier,in_clk_enable_p,in_clk_enable_p,G_dly,D_dly) 
WARNING: "/home/aj/Vivado/2020.2/data/verilog/src/unisims/LDCE.v" Line 166: Timing violation in scope /tb_main/UUT/a0/res_o_reg[20]/TChk166_18304 at time 462055 ps $setuphold (posedge G,posedge D,(0:0:0),(0:0:0),notifier,in_clk_enable_p,in_clk_enable_p,G_dly,D_dly) 
WARNING: "/home/aj/Vivado/2020.2/data/verilog/src/unisims/LDCE.v" Line 166: Timing violation in scope /tb_main/UUT/a0/res_o_reg[21]/TChk166_18304 at time 462055 ps $setuphold (posedge G,posedge D,(0:0:0),(0:0:0),notifier,in_clk_enable_p,in_clk_enable_p,G_dly,D_dly) 
WARNING: "/home/aj/Vivado/2020.2/data/verilog/src/unisims/LDCE.v" Line 166: Timing violation in scope /tb_main/UUT/a0/res_o_reg[22]/TChk166_18304 at time 462055 ps $setuphold (posedge G,posedge D,(0:0:0),(0:0:0),notifier,in_clk_enable_p,in_clk_enable_p,G_dly,D_dly) 
WARNING: "/home/aj/Vivado/2020.2/data/verilog/src/unisims/LDCE.v" Line 166: Timing violation in scope /tb_main/UUT/a0/res_o_reg[23]/TChk166_18304 at time 462055 ps $setuphold (posedge G,posedge D,(0:0:0),(0:0:0),notifier,in_clk_enable_p,in_clk_enable_p,G_dly,D_dly) 
WARNING: "/home/aj/Vivado/2020.2/data/verilog/src/unisims/LDCE.v" Line 166: Timing violation in scope /tb_main/UUT/a0/res_o_reg[24]/TChk166_18304 at time 462055 ps $setuphold (posedge G,posedge D,(0:0:0),(0:0:0),notifier,in_clk_enable_p,in_clk_enable_p,G_dly,D_dly) 
WARNING: "/home/aj/Vivado/2020.2/data/verilog/src/unisims/LDCE.v" Line 166: Timing violation in scope /tb_main/UUT/a0/res_o_reg[25]/TChk166_18304 at time 462055 ps $setuphold (posedge G,posedge D,(0:0:0),(0:0:0),notifier,in_clk_enable_p,in_clk_enable_p,G_dly,D_dly) 
WARNING: "/home/aj/Vivado/2020.2/data/verilog/src/unisims/LDCE.v" Line 166: Timing violation in scope /tb_main/UUT/a0/res_o_reg[26]/TChk166_18304 at time 462055 ps $setuphold (posedge G,posedge D,(0:0:0),(0:0:0),notifier,in_clk_enable_p,in_clk_enable_p,G_dly,D_dly) 
WARNING: "/home/aj/Vivado/2020.2/data/verilog/src/unisims/LDCE.v" Line 166: Timing violation in scope /tb_main/UUT/a0/res_o_reg[27]/TChk166_18304 at time 462055 ps $setuphold (posedge G,posedge D,(0:0:0),(0:0:0),notifier,in_clk_enable_p,in_clk_enable_p,G_dly,D_dly) 
WARNING: "/home/aj/Vivado/2020.2/data/verilog/src/unisims/LDCE.v" Line 166: Timing violation in scope /tb_main/UUT/a0/res_o_reg[28]/TChk166_18304 at time 462055 ps $setuphold (posedge G,posedge D,(0:0:0),(0:0:0),notifier,in_clk_enable_p,in_clk_enable_p,G_dly,D_dly) 
WARNING: "/home/aj/Vivado/2020.2/data/verilog/src/unisims/LDCE.v" Line 166: Timing violation in scope /tb_main/UUT/a0/res_o_reg[29]/TChk166_18304 at time 462055 ps $setuphold (posedge G,posedge D,(0:0:0),(0:0:0),notifier,in_clk_enable_p,in_clk_enable_p,G_dly,D_dly) 
WARNING: "/home/aj/Vivado/2020.2/data/verilog/src/unisims/LDCE.v" Line 166: Timing violation in scope /tb_main/UUT/a0/res_o_reg[30]/TChk166_18304 at time 462055 ps $setuphold (posedge G,posedge D,(0:0:0),(0:0:0),notifier,in_clk_enable_p,in_clk_enable_p,G_dly,D_dly) 
WARNING: "/home/aj/Vivado/2020.2/data/verilog/src/unisims/LDCE.v" Line 166: Timing violation in scope /tb_main/UUT/a0/res_o_reg[7]/TChk166_18304 at time 462055 ps $setuphold (posedge G,posedge D,(0:0:0),(0:0:0),notifier,in_clk_enable_p,in_clk_enable_p,G_dly,D_dly) 
WARNING: "/home/aj/Vivado/2020.2/data/verilog/src/unisims/LDCE.v" Line 163: Timing violation in scope /tb_main/UUT/a0/res_o_reg[1]/TChk163_18301 at time 502055 ps $setuphold (posedge G,negedge D,(0:0:0),(0:0:0),notifier,in_clk_enable_p,in_clk_enable_p,G_dly,D_dly) 
WARNING: "/home/aj/Vivado/2020.2/data/verilog/src/unisims/LDCE.v" Line 163: Timing violation in scope /tb_main/UUT/a0/res_o_reg[2]/TChk163_18301 at time 502055 ps $setuphold (posedge G,negedge D,(0:0:0),(0:0:0),notifier,in_clk_enable_p,in_clk_enable_p,G_dly,D_dly) 
WARNING: "/home/aj/Vivado/2020.2/data/verilog/src/unisims/LDCE.v" Line 163: Timing violation in scope /tb_main/UUT/a0/res_o_reg[3]/TChk163_18301 at time 502055 ps $setuphold (posedge G,negedge D,(0:0:0),(0:0:0),notifier,in_clk_enable_p,in_clk_enable_p,G_dly,D_dly) 
WARNING: "/home/aj/Vivado/2020.2/data/verilog/src/unisims/LDCE.v" Line 166: Timing violation in scope /tb_main/UUT/a0/res_o_reg[10]/TChk166_18304 at time 502055 ps $setuphold (posedge G,posedge D,(0:0:0),(0:0:0),notifier,in_clk_enable_p,in_clk_enable_p,G_dly,D_dly) 
WARNING: "/home/aj/Vivado/2020.2/data/verilog/src/unisims/LDCE.v" Line 166: Timing violation in scope /tb_main/UUT/a0/res_o_reg[11]/TChk166_18304 at time 502055 ps $setuphold (posedge G,posedge D,(0:0:0),(0:0:0),notifier,in_clk_enable_p,in_clk_enable_p,G_dly,D_dly) 
WARNING: "/home/aj/Vivado/2020.2/data/verilog/src/unisims/LDCE.v" Line 166: Timing violation in scope /tb_main/UUT/a0/res_o_reg[12]/TChk166_18304 at time 502055 ps $setuphold (posedge G,posedge D,(0:0:0),(0:0:0),notifier,in_clk_enable_p,in_clk_enable_p,G_dly,D_dly) 
WARNING: "/home/aj/Vivado/2020.2/data/verilog/src/unisims/LDCE.v" Line 166: Timing violation in scope /tb_main/UUT/a0/res_o_reg[13]/TChk166_18304 at time 502055 ps $setuphold (posedge G,posedge D,(0:0:0),(0:0:0),notifier,in_clk_enable_p,in_clk_enable_p,G_dly,D_dly) 
WARNING: "/home/aj/Vivado/2020.2/data/verilog/src/unisims/LDCE.v" Line 166: Timing violation in scope /tb_main/UUT/a0/res_o_reg[14]/TChk166_18304 at time 502055 ps $setuphold (posedge G,posedge D,(0:0:0),(0:0:0),notifier,in_clk_enable_p,in_clk_enable_p,G_dly,D_dly) 
WARNING: "/home/aj/Vivado/2020.2/data/verilog/src/unisims/LDCE.v" Line 166: Timing violation in scope /tb_main/UUT/a0/res_o_reg[15]/TChk166_18304 at time 502055 ps $setuphold (posedge G,posedge D,(0:0:0),(0:0:0),notifier,in_clk_enable_p,in_clk_enable_p,G_dly,D_dly) 
WARNING: "/home/aj/Vivado/2020.2/data/verilog/src/unisims/LDCE.v" Line 166: Timing violation in scope /tb_main/UUT/a0/res_o_reg[16]/TChk166_18304 at time 502055 ps $setuphold (posedge G,posedge D,(0:0:0),(0:0:0),notifier,in_clk_enable_p,in_clk_enable_p,G_dly,D_dly) 
WARNING: "/home/aj/Vivado/2020.2/data/verilog/src/unisims/LDCE.v" Line 166: Timing violation in scope /tb_main/UUT/a0/res_o_reg[17]/TChk166_18304 at time 502055 ps $setuphold (posedge G,posedge D,(0:0:0),(0:0:0),notifier,in_clk_enable_p,in_clk_enable_p,G_dly,D_dly) 
WARNING: "/home/aj/Vivado/2020.2/data/verilog/src/unisims/LDCE.v" Line 166: Timing violation in scope /tb_main/UUT/a0/res_o_reg[18]/TChk166_18304 at time 502055 ps $setuphold (posedge G,posedge D,(0:0:0),(0:0:0),notifier,in_clk_enable_p,in_clk_enable_p,G_dly,D_dly) 
WARNING: "/home/aj/Vivado/2020.2/data/verilog/src/unisims/LDCE.v" Line 166: Timing violation in scope /tb_main/UUT/a0/res_o_reg[19]/TChk166_18304 at time 502055 ps $setuphold (posedge G,posedge D,(0:0:0),(0:0:0),notifier,in_clk_enable_p,in_clk_enable_p,G_dly,D_dly) 
WARNING: "/home/aj/Vivado/2020.2/data/verilog/src/unisims/LDCE.v" Line 166: Timing violation in scope /tb_main/UUT/a0/res_o_reg[20]/TChk166_18304 at time 502055 ps $setuphold (posedge G,posedge D,(0:0:0),(0:0:0),notifier,in_clk_enable_p,in_clk_enable_p,G_dly,D_dly) 
WARNING: "/home/aj/Vivado/2020.2/data/verilog/src/unisims/LDCE.v" Line 166: Timing violation in scope /tb_main/UUT/a0/res_o_reg[21]/TChk166_18304 at time 502055 ps $setuphold (posedge G,posedge D,(0:0:0),(0:0:0),notifier,in_clk_enable_p,in_clk_enable_p,G_dly,D_dly) 
WARNING: "/home/aj/Vivado/2020.2/data/verilog/src/unisims/LDCE.v" Line 166: Timing violation in scope /tb_main/UUT/a0/res_o_reg[22]/TChk166_18304 at time 502055 ps $setuphold (posedge G,posedge D,(0:0:0),(0:0:0),notifier,in_clk_enable_p,in_clk_enable_p,G_dly,D_dly) 
WARNING: "/home/aj/Vivado/2020.2/data/verilog/src/unisims/LDCE.v" Line 166: Timing violation in scope /tb_main/UUT/a0/res_o_reg[23]/TChk166_18304 at time 502055 ps $setuphold (posedge G,posedge D,(0:0:0),(0:0:0),notifier,in_clk_enable_p,in_clk_enable_p,G_dly,D_dly) 
WARNING: "/home/aj/Vivado/2020.2/data/verilog/src/unisims/LDCE.v" Line 166: Timing violation in scope /tb_main/UUT/a0/res_o_reg[24]/TChk166_18304 at time 502055 ps $setuphold (posedge G,posedge D,(0:0:0),(0:0:0),notifier,in_clk_enable_p,in_clk_enable_p,G_dly,D_dly) 
WARNING: "/home/aj/Vivado/2020.2/data/verilog/src/unisims/LDCE.v" Line 166: Timing violation in scope /tb_main/UUT/a0/res_o_reg[25]/TChk166_18304 at time 502055 ps $setuphold (posedge G,posedge D,(0:0:0),(0:0:0),notifier,in_clk_enable_p,in_clk_enable_p,G_dly,D_dly) 
WARNING: "/home/aj/Vivado/2020.2/data/verilog/src/unisims/LDCE.v" Line 166: Timing violation in scope /tb_main/UUT/a0/res_o_reg[26]/TChk166_18304 at time 502055 ps $setuphold (posedge G,posedge D,(0:0:0),(0:0:0),notifier,in_clk_enable_p,in_clk_enable_p,G_dly,D_dly) 
WARNING: "/home/aj/Vivado/2020.2/data/verilog/src/unisims/LDCE.v" Line 166: Timing violation in scope /tb_main/UUT/a0/res_o_reg[27]/TChk166_18304 at time 502055 ps $setuphold (posedge G,posedge D,(0:0:0),(0:0:0),notifier,in_clk_enable_p,in_clk_enable_p,G_dly,D_dly) 
WARNING: "/home/aj/Vivado/2020.2/data/verilog/src/unisims/LDCE.v" Line 166: Timing violation in scope /tb_main/UUT/a0/res_o_reg[28]/TChk166_18304 at time 502055 ps $setuphold (posedge G,posedge D,(0:0:0),(0:0:0),notifier,in_clk_enable_p,in_clk_enable_p,G_dly,D_dly) 
WARNING: "/home/aj/Vivado/2020.2/data/verilog/src/unisims/LDCE.v" Line 166: Timing violation in scope /tb_main/UUT/a0/res_o_reg[29]/TChk166_18304 at time 502055 ps $setuphold (posedge G,posedge D,(0:0:0),(0:0:0),notifier,in_clk_enable_p,in_clk_enable_p,G_dly,D_dly) 
WARNING: "/home/aj/Vivado/2020.2/data/verilog/src/unisims/LDCE.v" Line 166: Timing violation in scope /tb_main/UUT/a0/res_o_reg[30]/TChk166_18304 at time 502055 ps $setuphold (posedge G,posedge D,(0:0:0),(0:0:0),notifier,in_clk_enable_p,in_clk_enable_p,G_dly,D_dly) 
WARNING: "/home/aj/Vivado/2020.2/data/verilog/src/unisims/LDCE.v" Line 166: Timing violation in scope /tb_main/UUT/a0/res_o_reg[7]/TChk166_18304 at time 502055 ps $setuphold (posedge G,posedge D,(0:0:0),(0:0:0),notifier,in_clk_enable_p,in_clk_enable_p,G_dly,D_dly) 
WARNING: "/home/aj/Vivado/2020.2/data/verilog/src/unisims/LDCE.v" Line 163: Timing violation in scope /tb_main/UUT/a0/res_o_reg[2]/TChk163_18301 at time 600671 ps $setuphold (posedge G,negedge D,(0:0:0),(0:0:0),notifier,in_clk_enable_p,in_clk_enable_p,G_dly,D_dly) 
WARNING: "/home/aj/Vivado/2020.2/data/verilog/src/unisims/LDCE.v" Line 163: Timing violation in scope /tb_main/UUT/a0/res_o_reg[1]/TChk163_18301 at time 600671 ps $setuphold (posedge G,negedge D,(0:0:0),(0:0:0),notifier,in_clk_enable_p,in_clk_enable_p,G_dly,D_dly) 
